{"/Users/alma.alatorre/Documents/Apprenticeship/react-apprenticeship-capstone1/src/Themes.js": {"path":"/Users/alma.alatorre/Documents/Apprenticeship/react-apprenticeship-capstone1/src/Themes.js","statementMap":{"0":{"start":{"line":1,"column":26},"end":{"line":7,"column":1}},"1":{"start":{"line":8,"column":25},"end":{"line":14,"column":1}}},"fnMap":{},"branchMap":{},"s":{"0":1,"1":1},"f":{},"b":{},"_coverageSchema":"43e27e138ebf9cfc5966b082cf9a028302ed4184","hash":"57b17a11582d286c33cd527d77e5c33d49e4310f"}
,"/Users/alma.alatorre/Documents/Apprenticeship/react-apprenticeship-capstone1/src/index.js": {"path":"/Users/alma.alatorre/Documents/Apprenticeship/react-apprenticeship-capstone1/src/index.js","statementMap":{"0":{"start":{"line":8,"column":0},"end":{"line":15,"column":2}}},"fnMap":{},"branchMap":{},"s":{"0":0},"f":{},"b":{},"hash":"8c8a5208d65b1d01e7ab0df953b131619e41b1c2"}
,"/Users/alma.alatorre/Documents/Apprenticeship/react-apprenticeship-capstone1/src/Providers/check.js": {"path":"/Users/alma.alatorre/Documents/Apprenticeship/react-apprenticeship-capstone1/src/Providers/check.js","statementMap":{"0":{"start":{"line":1,"column":23},"end":{"line":4,"column":1}},"1":{"start":{"line":2,"column":2},"end":{"line":2,"column":23}},"2":{"start":{"line":3,"column":2},"end":{"line":3,"column":12}}},"fnMap":{"0":{"name":"(anonymous_0)","decl":{"start":{"line":1,"column":23},"end":{"line":1,"column":24}},"loc":{"start":{"line":1,"column":29},"end":{"line":4,"column":1}},"line":1}},"branchMap":{},"s":{"0":0,"1":0,"2":0},"f":{"0":0},"b":{},"hash":"34de5bb77d5368e4440913e0053fe0be4a77a5b7"}
,"/Users/alma.alatorre/Documents/Apprenticeship/react-apprenticeship-capstone1/src/Providers/Auth/Auth.provider.js": {"path":"/Users/alma.alatorre/Documents/Apprenticeship/react-apprenticeship-capstone1/src/Providers/Auth/Auth.provider.js","statementMap":{"0":{"start":{"line":6,"column":20},"end":{"line":6,"column":45}},"1":{"start":{"line":9,"column":18},"end":{"line":9,"column":41}},"2":{"start":{"line":10,"column":2},"end":{"line":12,"column":3}},"3":{"start":{"line":11,"column":4},"end":{"line":11,"column":68}},"4":{"start":{"line":13,"column":2},"end":{"line":13,"column":17}},"5":{"start":{"line":18,"column":44},"end":{"line":18,"column":59}},"6":{"start":{"line":20,"column":2},"end":{"line":25,"column":9}},"7":{"start":{"line":21,"column":26},"end":{"line":21,"column":55}},"8":{"start":{"line":22,"column":28},"end":{"line":22,"column":50}},"9":{"start":{"line":24,"column":4},"end":{"line":24,"column":38}},"10":{"start":{"line":27,"column":16},"end":{"line":30,"column":8}},"11":{"start":{"line":28,"column":4},"end":{"line":28,"column":27}},"12":{"start":{"line":29,"column":4},"end":{"line":29,"column":40}},"13":{"start":{"line":32,"column":17},"end":{"line":35,"column":8}},"14":{"start":{"line":33,"column":4},"end":{"line":33,"column":28}},"15":{"start":{"line":34,"column":4},"end":{"line":34,"column":41}},"16":{"start":{"line":37,"column":2},"end":{"line":41,"column":4}}},"fnMap":{"0":{"name":"useAuth","decl":{"start":{"line":8,"column":9},"end":{"line":8,"column":16}},"loc":{"start":{"line":8,"column":19},"end":{"line":14,"column":1}},"line":8},"1":{"name":"AuthProvider","decl":{"start":{"line":17,"column":9},"end":{"line":17,"column":21}},"loc":{"start":{"line":17,"column":36},"end":{"line":42,"column":1}},"line":17},"2":{"name":"(anonymous_2)","decl":{"start":{"line":20,"column":12},"end":{"line":20,"column":13}},"loc":{"start":{"line":20,"column":18},"end":{"line":25,"column":3}},"line":20},"3":{"name":"(anonymous_3)","decl":{"start":{"line":27,"column":28},"end":{"line":27,"column":29}},"loc":{"start":{"line":27,"column":34},"end":{"line":30,"column":3}},"line":27},"4":{"name":"(anonymous_4)","decl":{"start":{"line":32,"column":29},"end":{"line":32,"column":30}},"loc":{"start":{"line":32,"column":35},"end":{"line":35,"column":3}},"line":32}},"branchMap":{"0":{"loc":{"start":{"line":10,"column":2},"end":{"line":12,"column":3}},"type":"if","locations":[{"start":{"line":10,"column":2},"end":{"line":12,"column":3}},{"start":{"line":10,"column":2},"end":{"line":12,"column":3}}],"line":10}},"s":{"0":1,"1":0,"2":0,"3":0,"4":0,"5":0,"6":0,"7":0,"8":0,"9":0,"10":0,"11":0,"12":0,"13":0,"14":0,"15":0,"16":0},"f":{"0":0,"1":0,"2":0,"3":0,"4":0},"b":{"0":[0,0]},"_coverageSchema":"43e27e138ebf9cfc5966b082cf9a028302ed4184","hash":"f0f430ff2a3ae46729008c52581f38acf2455e3f"}
,"/Users/alma.alatorre/Documents/Apprenticeship/react-apprenticeship-capstone1/src/Providers/Auth/index.js": {"path":"/Users/alma.alatorre/Documents/Apprenticeship/react-apprenticeship-capstone1/src/Providers/Auth/index.js","statementMap":{},"fnMap":{},"branchMap":{},"s":{},"f":{},"b":{},"_coverageSchema":"43e27e138ebf9cfc5966b082cf9a028302ed4184","hash":"5b9f36a75dff445eeaaaed8398bb491fb256d204"}
,"/Users/alma.alatorre/Documents/Apprenticeship/react-apprenticeship-capstone1/src/components/globalStyles.js": {"path":"/Users/alma.alatorre/Documents/Apprenticeship/react-apprenticeship-capstone1/src/components/globalStyles.js","statementMap":{"0":{"start":{"line":3,"column":28},"end":{"line":17,"column":3}},"1":{"start":{"line":5,"column":33},"end":{"line":5,"column":43}},"2":{"start":{"line":6,"column":28},"end":{"line":6,"column":38}},"3":{"start":{"line":11,"column":33},"end":{"line":11,"column":56}},"4":{"start":{"line":15,"column":28},"end":{"line":15,"column":38}}},"fnMap":{"0":{"name":"(anonymous_0)","decl":{"start":{"line":5,"column":18},"end":{"line":5,"column":19}},"loc":{"start":{"line":5,"column":33},"end":{"line":5,"column":43}},"line":5},"1":{"name":"(anonymous_1)","decl":{"start":{"line":6,"column":13},"end":{"line":6,"column":14}},"loc":{"start":{"line":6,"column":28},"end":{"line":6,"column":38}},"line":6},"2":{"name":"(anonymous_2)","decl":{"start":{"line":11,"column":18},"end":{"line":11,"column":19}},"loc":{"start":{"line":11,"column":33},"end":{"line":11,"column":56}},"line":11},"3":{"name":"(anonymous_3)","decl":{"start":{"line":15,"column":13},"end":{"line":15,"column":14}},"loc":{"start":{"line":15,"column":28},"end":{"line":15,"column":38}},"line":15}},"branchMap":{},"s":{"0":1,"1":0,"2":0,"3":0,"4":0},"f":{"0":0,"1":0,"2":0,"3":0},"b":{},"_coverageSchema":"43e27e138ebf9cfc5966b082cf9a028302ed4184","hash":"e9e6f66f04cffa799a0a8577c743b5d09e1f2aa5"}
,"/Users/alma.alatorre/Documents/Apprenticeship/react-apprenticeship-capstone1/src/components/App/App.component.jsx": {"path":"/Users/alma.alatorre/Documents/Apprenticeship/react-apprenticeship-capstone1/src/components/App/App.component.jsx","statementMap":{"0":{"start":{"line":21,"column":16},"end":{"line":21,"column":40}},"1":{"start":{"line":22,"column":47},"end":{"line":22,"column":52}},"2":{"start":{"line":24,"column":40},"end":{"line":24,"column":60}},"3":{"start":{"line":25,"column":16},"end":{"line":25,"column":47}},"4":{"start":{"line":27,"column":42},"end":{"line":31,"column":4}},"5":{"start":{"line":33,"column":21},"end":{"line":36,"column":3}},"6":{"start":{"line":37,"column":2},"end":{"line":69,"column":4}}},"fnMap":{"0":{"name":"App","decl":{"start":{"line":20,"column":9},"end":{"line":20,"column":12}},"loc":{"start":{"line":20,"column":15},"end":{"line":70,"column":1}},"line":20}},"branchMap":{"0":{"loc":{"start":{"line":22,"column":17},"end":{"line":22,"column":42}},"type":"default-arg","locations":[{"start":{"line":22,"column":40},"end":{"line":22,"column":42}}],"line":22},"1":{"loc":{"start":{"line":22,"column":19},"end":{"line":22,"column":35}},"type":"default-arg","locations":[{"start":{"line":22,"column":30},"end":{"line":22,"column":35}}],"line":22},"2":{"loc":{"start":{"line":40,"column":30},"end":{"line":40,"column":73}},"type":"cond-expr","locations":[{"start":{"line":40,"column":51},"end":{"line":40,"column":61}},{"start":{"line":40,"column":64},"end":{"line":40,"column":73}}],"line":40}},"s":{"0":2,"1":2,"2":0,"3":0,"4":0,"5":0,"6":0},"f":{"0":2},"b":{"0":[0],"1":[0],"2":[0,0]},"_coverageSchema":"43e27e138ebf9cfc5966b082cf9a028302ed4184","hash":"65435482d568e7bd4f1ce3885353067b3d62297a"}
,"/Users/alma.alatorre/Documents/Apprenticeship/react-apprenticeship-capstone1/src/components/App/index.js": {"path":"/Users/alma.alatorre/Documents/Apprenticeship/react-apprenticeship-capstone1/src/components/App/index.js","statementMap":{},"fnMap":{},"branchMap":{},"s":{},"f":{},"b":{},"_coverageSchema":"43e27e138ebf9cfc5966b082cf9a028302ed4184","hash":"0ee663f0f75e2bce6c31e35ca8e2978c3c9186c6"}
,"/Users/alma.alatorre/Documents/Apprenticeship/react-apprenticeship-capstone1/src/components/BurgerMenu/BurgerMenu.component.jsx": {"path":"/Users/alma.alatorre/Documents/Apprenticeship/react-apprenticeship-capstone1/src/components/BurgerMenu/BurgerMenu.component.jsx","statementMap":{"0":{"start":{"line":5,"column":19},"end":{"line":13,"column":1}},"1":{"start":{"line":6,"column":2},"end":{"line":12,"column":4}}},"fnMap":{"0":{"name":"(anonymous_0)","decl":{"start":{"line":5,"column":19},"end":{"line":5,"column":20}},"loc":{"start":{"line":5,"column":25},"end":{"line":13,"column":1}},"line":5}},"branchMap":{},"s":{"0":3,"1":3},"f":{"0":3},"b":{},"_coverageSchema":"43e27e138ebf9cfc5966b082cf9a028302ed4184","hash":"e561101dfb618f9c0428e9636c491864c143b115"}
,"/Users/alma.alatorre/Documents/Apprenticeship/react-apprenticeship-capstone1/src/components/BurgerMenu/BurgerMenu.styled.js": {"path":"/Users/alma.alatorre/Documents/Apprenticeship/react-apprenticeship-capstone1/src/components/BurgerMenu/BurgerMenu.styled.js","statementMap":{"0":{"start":{"line":3,"column":24},"end":{"line":14,"column":1}},"1":{"start":{"line":16,"column":19},"end":{"line":21,"column":1}}},"fnMap":{},"branchMap":{},"s":{"0":3,"1":3},"f":{},"b":{},"_coverageSchema":"43e27e138ebf9cfc5966b082cf9a028302ed4184","hash":"49578f22cdb19a9a1e031827a46bb74cd4c5837c"}
,"/Users/alma.alatorre/Documents/Apprenticeship/react-apprenticeship-capstone1/src/components/BurgerMenu/index.js": {"path":"/Users/alma.alatorre/Documents/Apprenticeship/react-apprenticeship-capstone1/src/components/BurgerMenu/index.js","statementMap":{},"fnMap":{},"branchMap":{},"s":{},"f":{},"b":{},"_coverageSchema":"43e27e138ebf9cfc5966b082cf9a028302ed4184","hash":"8c21ccfc5fde962e3595e2055bf80d4a0343e08e"}
,"/Users/alma.alatorre/Documents/Apprenticeship/react-apprenticeship-capstone1/src/components/DarkModeToggle/DarkModeToggle.component.jsx": {"path":"/Users/alma.alatorre/Documents/Apprenticeship/react-apprenticeship-capstone1/src/components/DarkModeToggle/DarkModeToggle.component.jsx","statementMap":{"0":{"start":{"line":12,"column":23},"end":{"line":41,"column":1}},"1":{"start":{"line":13,"column":16},"end":{"line":13,"column":40}},"2":{"start":{"line":14,"column":68},"end":{"line":14,"column":73}},"3":{"start":{"line":16,"column":25},"end":{"line":22,"column":3}},"4":{"start":{"line":17,"column":4},"end":{"line":21,"column":5}},"5":{"start":{"line":18,"column":6},"end":{"line":18,"column":38}},"6":{"start":{"line":20,"column":6},"end":{"line":20,"column":37}},"7":{"start":{"line":24,"column":2},"end":{"line":40,"column":4}},"8":{"start":{"line":31,"column":12},"end":{"line":31,"column":29}}},"fnMap":{"0":{"name":"(anonymous_0)","decl":{"start":{"line":12,"column":23},"end":{"line":12,"column":24}},"loc":{"start":{"line":12,"column":29},"end":{"line":41,"column":1}},"line":12},"1":{"name":"(anonymous_1)","decl":{"start":{"line":14,"column":55},"end":{"line":14,"column":56}},"loc":{"start":{"line":14,"column":61},"end":{"line":14,"column":63}},"line":14},"2":{"name":"(anonymous_2)","decl":{"start":{"line":16,"column":25},"end":{"line":16,"column":26}},"loc":{"start":{"line":16,"column":31},"end":{"line":22,"column":3}},"line":16},"3":{"name":"(anonymous_3)","decl":{"start":{"line":30,"column":19},"end":{"line":30,"column":20}},"loc":{"start":{"line":30,"column":25},"end":{"line":32,"column":11}},"line":30}},"branchMap":{"0":{"loc":{"start":{"line":14,"column":17},"end":{"line":14,"column":42}},"type":"default-arg","locations":[{"start":{"line":14,"column":40},"end":{"line":14,"column":42}}],"line":14},"1":{"loc":{"start":{"line":14,"column":19},"end":{"line":14,"column":35}},"type":"default-arg","locations":[{"start":{"line":14,"column":30},"end":{"line":14,"column":35}}],"line":14},"2":{"loc":{"start":{"line":14,"column":44},"end":{"line":14,"column":63}},"type":"default-arg","locations":[{"start":{"line":14,"column":55},"end":{"line":14,"column":63}}],"line":14},"3":{"loc":{"start":{"line":17,"column":4},"end":{"line":21,"column":5}},"type":"if","locations":[{"start":{"line":17,"column":4},"end":{"line":21,"column":5}},{"start":{"line":17,"column":4},"end":{"line":21,"column":5}}],"line":17},"4":{"loc":{"start":{"line":38,"column":21},"end":{"line":38,"column":54}},"type":"cond-expr","locations":[{"start":{"line":38,"column":32},"end":{"line":38,"column":42}},{"start":{"line":38,"column":45},"end":{"line":38,"column":54}}],"line":38}},"s":{"0":3,"1":4,"2":4,"3":0,"4":0,"5":0,"6":0,"7":0,"8":0},"f":{"0":4,"1":0,"2":0,"3":0},"b":{"0":[0],"1":[0],"2":[0],"3":[0,0],"4":[0,0]},"_coverageSchema":"43e27e138ebf9cfc5966b082cf9a028302ed4184","hash":"bc117d718216cff2cdd3d33dd4d0da0083ef6ffd"}
,"/Users/alma.alatorre/Documents/Apprenticeship/react-apprenticeship-capstone1/src/components/DarkModeToggle/DarkModeToggle.styled.js": {"path":"/Users/alma.alatorre/Documents/Apprenticeship/react-apprenticeship-capstone1/src/components/DarkModeToggle/DarkModeToggle.styled.js","statementMap":{"0":{"start":{"line":3,"column":21},"end":{"line":8,"column":1}},"1":{"start":{"line":12,"column":24},"end":{"line":19,"column":1}},"2":{"start":{"line":21,"column":22},"end":{"line":32,"column":1}},"3":{"start":{"line":34,"column":22},"end":{"line":46,"column":1}},"4":{"start":{"line":48,"column":21},"end":{"line":58,"column":1}}},"fnMap":{},"branchMap":{},"s":{"0":3,"1":3,"2":3,"3":3,"4":3},"f":{},"b":{},"_coverageSchema":"43e27e138ebf9cfc5966b082cf9a028302ed4184","hash":"f542298e82bc356e2a7223bf6352719a7f77d78d"}
,"/Users/alma.alatorre/Documents/Apprenticeship/react-apprenticeship-capstone1/src/components/DarkModeToggle/index.js": {"path":"/Users/alma.alatorre/Documents/Apprenticeship/react-apprenticeship-capstone1/src/components/DarkModeToggle/index.js","statementMap":{},"fnMap":{},"branchMap":{},"s":{},"f":{},"b":{},"_coverageSchema":"43e27e138ebf9cfc5966b082cf9a028302ed4184","hash":"3d7b478e3986eb2e968b7adb4fd536af4f120664"}
,"/Users/alma.alatorre/Documents/Apprenticeship/react-apprenticeship-capstone1/src/components/Header/Header.component.jsx": {"path":"/Users/alma.alatorre/Documents/Apprenticeship/react-apprenticeship-capstone1/src/components/Header/Header.component.jsx","statementMap":{"0":{"start":{"line":10,"column":15},"end":{"line":19,"column":1}},"1":{"start":{"line":11,"column":2},"end":{"line":18,"column":4}}},"fnMap":{"0":{"name":"(anonymous_0)","decl":{"start":{"line":10,"column":15},"end":{"line":10,"column":16}},"loc":{"start":{"line":10,"column":21},"end":{"line":19,"column":1}},"line":10}},"branchMap":{},"s":{"0":2,"1":1},"f":{"0":1},"b":{},"_coverageSchema":"43e27e138ebf9cfc5966b082cf9a028302ed4184","hash":"1aba8cc1b3a96c6bc2cdc53372f65df2bb414a26"}
,"/Users/alma.alatorre/Documents/Apprenticeship/react-apprenticeship-capstone1/src/components/Header/Header.styled.js": {"path":"/Users/alma.alatorre/Documents/Apprenticeship/react-apprenticeship-capstone1/src/components/Header/Header.styled.js","statementMap":{"0":{"start":{"line":3,"column":21},"end":{"line":11,"column":1}}},"fnMap":{},"branchMap":{},"s":{"0":2},"f":{},"b":{},"_coverageSchema":"43e27e138ebf9cfc5966b082cf9a028302ed4184","hash":"f81477740a8860acb6fef22235f35c4cb477c0b0"}
,"/Users/alma.alatorre/Documents/Apprenticeship/react-apprenticeship-capstone1/src/components/Header/index.js": {"path":"/Users/alma.alatorre/Documents/Apprenticeship/react-apprenticeship-capstone1/src/components/Header/index.js","statementMap":{},"fnMap":{},"branchMap":{},"s":{},"f":{},"b":{},"_coverageSchema":"43e27e138ebf9cfc5966b082cf9a028302ed4184","hash":"c22045af2abc0f00587bda9d0c223a92bc300939"}
,"/Users/alma.alatorre/Documents/Apprenticeship/react-apprenticeship-capstone1/src/components/Heading/Heading.component.jsx": {"path":"/Users/alma.alatorre/Documents/Apprenticeship/react-apprenticeship-capstone1/src/components/Heading/Heading.component.jsx","statementMap":{"0":{"start":{"line":5,"column":16},"end":{"line":7,"column":1}},"1":{"start":{"line":6,"column":2},"end":{"line":6,"column":53}}},"fnMap":{"0":{"name":"(anonymous_0)","decl":{"start":{"line":5,"column":16},"end":{"line":5,"column":17}},"loc":{"start":{"line":5,"column":27},"end":{"line":7,"column":1}},"line":5}},"branchMap":{},"s":{"0":2,"1":2},"f":{"0":2},"b":{},"_coverageSchema":"43e27e138ebf9cfc5966b082cf9a028302ed4184","hash":"77cc1978d6cfdaaa0f24907b330974905981017f"}
,"/Users/alma.alatorre/Documents/Apprenticeship/react-apprenticeship-capstone1/src/components/Heading/Heading.styled.js": {"path":"/Users/alma.alatorre/Documents/Apprenticeship/react-apprenticeship-capstone1/src/components/Heading/Heading.styled.js","statementMap":{"0":{"start":{"line":3,"column":14},"end":{"line":16,"column":1}}},"fnMap":{},"branchMap":{},"s":{"0":2},"f":{},"b":{},"_coverageSchema":"43e27e138ebf9cfc5966b082cf9a028302ed4184","hash":"34f505374130035d5ca52d39be11627f65044ac0"}
,"/Users/alma.alatorre/Documents/Apprenticeship/react-apprenticeship-capstone1/src/components/Heading/index.js": {"path":"/Users/alma.alatorre/Documents/Apprenticeship/react-apprenticeship-capstone1/src/components/Heading/index.js","statementMap":{},"fnMap":{},"branchMap":{},"s":{},"f":{},"b":{},"_coverageSchema":"43e27e138ebf9cfc5966b082cf9a028302ed4184","hash":"96a2f70404ec2f78451dac95e547744b37059092"}
,"/Users/alma.alatorre/Documents/Apprenticeship/react-apprenticeship-capstone1/src/components/LoginAvatar/LoginAvatar.component.jsx": {"path":"/Users/alma.alatorre/Documents/Apprenticeship/react-apprenticeship-capstone1/src/components/LoginAvatar/LoginAvatar.component.jsx","statementMap":{"0":{"start":{"line":6,"column":20},"end":{"line":13,"column":1}},"1":{"start":{"line":7,"column":2},"end":{"line":12,"column":4}}},"fnMap":{"0":{"name":"(anonymous_0)","decl":{"start":{"line":6,"column":20},"end":{"line":6,"column":21}},"loc":{"start":{"line":6,"column":31},"end":{"line":13,"column":1}},"line":6}},"branchMap":{"0":{"loc":{"start":{"line":9,"column":11},"end":{"line":9,"column":60}},"type":"cond-expr","locations":[{"start":{"line":9,"column":29},"end":{"line":9,"column":44}},{"start":{"line":9,"column":47},"end":{"line":9,"column":60}}],"line":9}},"s":{"0":3,"1":2},"f":{"0":2},"b":{"0":[1,1]},"_coverageSchema":"43e27e138ebf9cfc5966b082cf9a028302ed4184","hash":"f479e12ac60a65517c3f1b2377fea166479242cd"}
,"/Users/alma.alatorre/Documents/Apprenticeship/react-apprenticeship-capstone1/src/components/LoginAvatar/LoginAvatar.styled.js": {"path":"/Users/alma.alatorre/Documents/Apprenticeship/react-apprenticeship-capstone1/src/components/LoginAvatar/LoginAvatar.styled.js","statementMap":{"0":{"start":{"line":3,"column":18},"end":{"line":11,"column":1}}},"fnMap":{},"branchMap":{},"s":{"0":3},"f":{},"b":{},"_coverageSchema":"43e27e138ebf9cfc5966b082cf9a028302ed4184","hash":"f334ea9de87d6eacd8f20b6e4d8c2492c7bf35c8"}
,"/Users/alma.alatorre/Documents/Apprenticeship/react-apprenticeship-capstone1/src/components/LoginAvatar/index.js": {"path":"/Users/alma.alatorre/Documents/Apprenticeship/react-apprenticeship-capstone1/src/components/LoginAvatar/index.js","statementMap":{},"fnMap":{},"branchMap":{},"s":{},"f":{},"b":{},"_coverageSchema":"43e27e138ebf9cfc5966b082cf9a028302ed4184","hash":"86423272b3116b89cf53a118ea48663be2c909d6"}
,"/Users/alma.alatorre/Documents/Apprenticeship/react-apprenticeship-capstone1/src/components/MainContainer/MainContainer.component.jsx": {"path":"/Users/alma.alatorre/Documents/Apprenticeship/react-apprenticeship-capstone1/src/components/MainContainer/MainContainer.component.jsx","statementMap":{"0":{"start":{"line":5,"column":22},"end":{"line":11,"column":1}},"1":{"start":{"line":6,"column":2},"end":{"line":10,"column":4}}},"fnMap":{"0":{"name":"(anonymous_0)","decl":{"start":{"line":5,"column":22},"end":{"line":5,"column":23}},"loc":{"start":{"line":5,"column":33},"end":{"line":11,"column":1}},"line":5}},"branchMap":{},"s":{"0":2,"1":1},"f":{"0":1},"b":{},"_coverageSchema":"43e27e138ebf9cfc5966b082cf9a028302ed4184","hash":"04dff842923130942e716d7d83c15d00ca680560"}
,"/Users/alma.alatorre/Documents/Apprenticeship/react-apprenticeship-capstone1/src/components/MainContainer/MainContainer.styled.js": {"path":"/Users/alma.alatorre/Documents/Apprenticeship/react-apprenticeship-capstone1/src/components/MainContainer/MainContainer.styled.js","statementMap":{"0":{"start":{"line":3,"column":28},"end":{"line":11,"column":1}}},"fnMap":{},"branchMap":{},"s":{"0":2},"f":{},"b":{},"_coverageSchema":"43e27e138ebf9cfc5966b082cf9a028302ed4184","hash":"c60257719e15c56ab46429947a1b7409cf004d84"}
,"/Users/alma.alatorre/Documents/Apprenticeship/react-apprenticeship-capstone1/src/components/MainContainer/index.js": {"path":"/Users/alma.alatorre/Documents/Apprenticeship/react-apprenticeship-capstone1/src/components/MainContainer/index.js","statementMap":{},"fnMap":{},"branchMap":{},"s":{},"f":{},"b":{},"_coverageSchema":"43e27e138ebf9cfc5966b082cf9a028302ed4184","hash":"04aa61c6f9e2f203b7799e44ed367aebf6392b91"}
,"/Users/alma.alatorre/Documents/Apprenticeship/react-apprenticeship-capstone1/src/components/Searchbar/Searchbar.component.jsx": {"path":"/Users/alma.alatorre/Documents/Apprenticeship/react-apprenticeship-capstone1/src/components/Searchbar/Searchbar.component.jsx","statementMap":{"0":{"start":{"line":6,"column":18},"end":{"line":29,"column":1}},"1":{"start":{"line":7,"column":16},"end":{"line":7,"column":28}},"2":{"start":{"line":8,"column":24},"end":{"line":8,"column":49}},"3":{"start":{"line":9,"column":28},"end":{"line":9,"column":40}},"4":{"start":{"line":11,"column":29},"end":{"line":16,"column":3}},"5":{"start":{"line":12,"column":4},"end":{"line":15,"column":5}},"6":{"start":{"line":13,"column":6},"end":{"line":13,"column":42}},"7":{"start":{"line":14,"column":6},"end":{"line":14,"column":24}},"8":{"start":{"line":18,"column":2},"end":{"line":28,"column":4}},"9":{"start":{"line":25,"column":8},"end":{"line":25,"column":35}}},"fnMap":{"0":{"name":"(anonymous_0)","decl":{"start":{"line":6,"column":18},"end":{"line":6,"column":19}},"loc":{"start":{"line":6,"column":24},"end":{"line":29,"column":1}},"line":6},"1":{"name":"(anonymous_1)","decl":{"start":{"line":11,"column":29},"end":{"line":11,"column":30}},"loc":{"start":{"line":11,"column":38},"end":{"line":16,"column":3}},"line":11},"2":{"name":"(anonymous_2)","decl":{"start":{"line":24,"column":16},"end":{"line":24,"column":17}},"loc":{"start":{"line":24,"column":25},"end":{"line":26,"column":7}},"line":24}},"branchMap":{"0":{"loc":{"start":{"line":12,"column":4},"end":{"line":15,"column":5}},"type":"if","locations":[{"start":{"line":12,"column":4},"end":{"line":15,"column":5}},{"start":{"line":12,"column":4},"end":{"line":15,"column":5}}],"line":12}},"s":{"0":3,"1":2,"2":2,"3":2,"4":2,"5":0,"6":0,"7":0,"8":2,"9":0},"f":{"0":2,"1":0,"2":0},"b":{"0":[0,0]},"_coverageSchema":"43e27e138ebf9cfc5966b082cf9a028302ed4184","hash":"5cdc45a9e96200de7c87e7c594ef758ae0565d45"}
,"/Users/alma.alatorre/Documents/Apprenticeship/react-apprenticeship-capstone1/src/components/Searchbar/Searchbar.styled.js": {"path":"/Users/alma.alatorre/Documents/Apprenticeship/react-apprenticeship-capstone1/src/components/Searchbar/Searchbar.styled.js","statementMap":{"0":{"start":{"line":3,"column":23},"end":{"line":28,"column":1}}},"fnMap":{},"branchMap":{},"s":{"0":3},"f":{},"b":{},"_coverageSchema":"43e27e138ebf9cfc5966b082cf9a028302ed4184","hash":"77c413ba8cf26319184c1ac0a911189d30a42deb"}
,"/Users/alma.alatorre/Documents/Apprenticeship/react-apprenticeship-capstone1/src/components/Searchbar/index.js": {"path":"/Users/alma.alatorre/Documents/Apprenticeship/react-apprenticeship-capstone1/src/components/Searchbar/index.js","statementMap":{},"fnMap":{},"branchMap":{},"s":{},"f":{},"b":{},"_coverageSchema":"43e27e138ebf9cfc5966b082cf9a028302ed4184","hash":"a6c26b9c27d689e85470bdbb88cf6ecb5ebdabf1"}
,"/Users/alma.alatorre/Documents/Apprenticeship/react-apprenticeship-capstone1/src/components/VideoCard/VideoCard.component.jsx": {"path":"/Users/alma.alatorre/Documents/Apprenticeship/react-apprenticeship-capstone1/src/components/VideoCard/VideoCard.component.jsx","statementMap":{"0":{"start":{"line":12,"column":18},"end":{"line":46,"column":1}},"1":{"start":{"line":13,"column":16},"end":{"line":13,"column":28}},"2":{"start":{"line":14,"column":30},"end":{"line":14,"column":67}},"3":{"start":{"line":21,"column":6},"end":{"line":21,"column":11}},"4":{"start":{"line":22,"column":25},"end":{"line":30,"column":3}},"5":{"start":{"line":23,"column":4},"end":{"line":27,"column":7}},"6":{"start":{"line":28,"column":4},"end":{"line":28,"column":33}},"7":{"start":{"line":29,"column":4},"end":{"line":29,"column":26}},"8":{"start":{"line":32,"column":2},"end":{"line":45,"column":4}}},"fnMap":{"0":{"name":"(anonymous_0)","decl":{"start":{"line":12,"column":18},"end":{"line":12,"column":19}},"loc":{"start":{"line":12,"column":29},"end":{"line":46,"column":1}},"line":12},"1":{"name":"(anonymous_1)","decl":{"start":{"line":22,"column":25},"end":{"line":22,"column":26}},"loc":{"start":{"line":22,"column":31},"end":{"line":30,"column":3}},"line":22}},"branchMap":{"0":{"loc":{"start":{"line":16,"column":4},"end":{"line":16,"column":11}},"type":"default-arg","locations":[{"start":{"line":16,"column":9},"end":{"line":16,"column":11}}],"line":16},"1":{"loc":{"start":{"line":17,"column":4},"end":{"line":17,"column":14}},"type":"default-arg","locations":[{"start":{"line":17,"column":12},"end":{"line":17,"column":14}}],"line":17},"2":{"loc":{"start":{"line":18,"column":4},"end":{"line":18,"column":20}},"type":"default-arg","locations":[{"start":{"line":18,"column":18},"end":{"line":18,"column":20}}],"line":18},"3":{"loc":{"start":{"line":19,"column":4},"end":{"line":19,"column":15}},"type":"default-arg","locations":[{"start":{"line":19,"column":13},"end":{"line":19,"column":15}}],"line":19},"4":{"loc":{"start":{"line":20,"column":4},"end":{"line":20,"column":29}},"type":"default-arg","locations":[{"start":{"line":20,"column":25},"end":{"line":20,"column":29}}],"line":20},"5":{"loc":{"start":{"line":40,"column":7},"end":{"line":42,"column":14}},"type":"cond-expr","locations":[{"start":{"line":41,"column":8},"end":{"line":41,"column":58}},{"start":{"line":42,"column":10},"end":{"line":42,"column":14}}],"line":40}},"s":{"0":4,"1":4,"2":4,"3":4,"4":4,"5":0,"6":0,"7":0,"8":4},"f":{"0":4,"1":0},"b":{"0":[4],"1":[3],"2":[3],"3":[3],"4":[4],"5":[4,0]},"_coverageSchema":"43e27e138ebf9cfc5966b082cf9a028302ed4184","hash":"cc1641d44b563a3fb439dc1f99cf7b7bb7228d08"}
,"/Users/alma.alatorre/Documents/Apprenticeship/react-apprenticeship-capstone1/src/components/VideoCard/VideoCard.styled.js": {"path":"/Users/alma.alatorre/Documents/Apprenticeship/react-apprenticeship-capstone1/src/components/VideoCard/VideoCard.styled.js","statementMap":{"0":{"start":{"line":3,"column":24},"end":{"line":15,"column":1}},"1":{"start":{"line":17,"column":23},"end":{"line":25,"column":1}},"2":{"start":{"line":24,"column":24},"end":{"line":24,"column":33}},"3":{"start":{"line":27,"column":19},"end":{"line":31,"column":1}},"4":{"start":{"line":33,"column":25},"end":{"line":37,"column":1}}},"fnMap":{"0":{"name":"(anonymous_0)","decl":{"start":{"line":24,"column":13},"end":{"line":24,"column":14}},"loc":{"start":{"line":24,"column":24},"end":{"line":24,"column":33}},"line":24}},"branchMap":{},"s":{"0":4,"1":4,"2":4,"3":4,"4":4},"f":{"0":4},"b":{},"_coverageSchema":"43e27e138ebf9cfc5966b082cf9a028302ed4184","hash":"ad8f2033f60288b111cefebb015ad36ba496129e"}
,"/Users/alma.alatorre/Documents/Apprenticeship/react-apprenticeship-capstone1/src/components/VideoCard/index.js": {"path":"/Users/alma.alatorre/Documents/Apprenticeship/react-apprenticeship-capstone1/src/components/VideoCard/index.js","statementMap":{},"fnMap":{},"branchMap":{},"s":{},"f":{},"b":{},"_coverageSchema":"43e27e138ebf9cfc5966b082cf9a028302ed4184","hash":"60a7a45e06d28cb29736514ef6f19112feb29ec4"}
,"/Users/alma.alatorre/Documents/Apprenticeship/react-apprenticeship-capstone1/src/components/VideoDetailsCard/VideoDetailsCard.component.js": {"path":"/Users/alma.alatorre/Documents/Apprenticeship/react-apprenticeship-capstone1/src/components/VideoDetailsCard/VideoDetailsCard.component.js","statementMap":{"0":{"start":{"line":8,"column":25},"end":{"line":25,"column":1}},"1":{"start":{"line":9,"column":30},"end":{"line":9,"column":61}},"2":{"start":{"line":11,"column":4},"end":{"line":11,"column":23}},"3":{"start":{"line":12,"column":2},"end":{"line":24,"column":4}}},"fnMap":{"0":{"name":"(anonymous_0)","decl":{"start":{"line":8,"column":25},"end":{"line":8,"column":26}},"loc":{"start":{"line":8,"column":42},"end":{"line":25,"column":1}},"line":8}},"branchMap":{"0":{"loc":{"start":{"line":10,"column":24},"end":{"line":10,"column":61}},"type":"default-arg","locations":[{"start":{"line":10,"column":59},"end":{"line":10,"column":61}}],"line":10},"1":{"loc":{"start":{"line":10,"column":26},"end":{"line":10,"column":36}},"type":"default-arg","locations":[{"start":{"line":10,"column":34},"end":{"line":10,"column":36}}],"line":10},"2":{"loc":{"start":{"line":10,"column":38},"end":{"line":10,"column":54}},"type":"default-arg","locations":[{"start":{"line":10,"column":52},"end":{"line":10,"column":54}}],"line":10}},"s":{"0":3,"1":1,"2":1,"3":1},"f":{"0":1},"b":{"0":[0],"1":[0],"2":[0]},"_coverageSchema":"43e27e138ebf9cfc5966b082cf9a028302ed4184","hash":"9b4ba606848cdf15091c7f860bf6a8d0cb5628d4"}
,"/Users/alma.alatorre/Documents/Apprenticeship/react-apprenticeship-capstone1/src/components/VideoDetailsCard/VideoDetailsCard.styled.js": {"path":"/Users/alma.alatorre/Documents/Apprenticeship/react-apprenticeship-capstone1/src/components/VideoDetailsCard/VideoDetailsCard.styled.js","statementMap":{"0":{"start":{"line":3,"column":31},"end":{"line":9,"column":1}},"1":{"start":{"line":11,"column":27},"end":{"line":14,"column":1}}},"fnMap":{},"branchMap":{},"s":{"0":3,"1":3},"f":{},"b":{},"_coverageSchema":"43e27e138ebf9cfc5966b082cf9a028302ed4184","hash":"c0cc82427a7cfc0831e550899f4a20bfc191e25d"}
,"/Users/alma.alatorre/Documents/Apprenticeship/react-apprenticeship-capstone1/src/components/VideoDetailsCard/index.js": {"path":"/Users/alma.alatorre/Documents/Apprenticeship/react-apprenticeship-capstone1/src/components/VideoDetailsCard/index.js","statementMap":{},"fnMap":{},"branchMap":{},"s":{},"f":{},"b":{},"_coverageSchema":"43e27e138ebf9cfc5966b082cf9a028302ed4184","hash":"3f727a64d1a55c9a9ab379deac0e665da5afffea"}
,"/Users/alma.alatorre/Documents/Apprenticeship/react-apprenticeship-capstone1/src/components/VideoDetailsView/VideoDetailsView.component.js": {"path":"/Users/alma.alatorre/Documents/Apprenticeship/react-apprenticeship-capstone1/src/components/VideoDetailsView/VideoDetailsView.component.js","statementMap":{"0":{"start":{"line":7,"column":25},"end":{"line":15,"column":1}},"1":{"start":{"line":8,"column":22},"end":{"line":8,"column":33}},"2":{"start":{"line":9,"column":2},"end":{"line":14,"column":4}}},"fnMap":{"0":{"name":"(anonymous_0)","decl":{"start":{"line":7,"column":25},"end":{"line":7,"column":26}},"loc":{"start":{"line":7,"column":31},"end":{"line":15,"column":1}},"line":7}},"branchMap":{},"s":{"0":2,"1":2,"2":0},"f":{"0":2},"b":{},"_coverageSchema":"43e27e138ebf9cfc5966b082cf9a028302ed4184","hash":"ac96cf2689b78c09e4b00c286c3eb9a623b60cbc"}
,"/Users/alma.alatorre/Documents/Apprenticeship/react-apprenticeship-capstone1/src/components/VideoDetailsView/VideoDetailsView.styled.js": {"path":"/Users/alma.alatorre/Documents/Apprenticeship/react-apprenticeship-capstone1/src/components/VideoDetailsView/VideoDetailsView.styled.js","statementMap":{"0":{"start":{"line":3,"column":31},"end":{"line":12,"column":1}}},"fnMap":{},"branchMap":{},"s":{"0":2},"f":{},"b":{},"_coverageSchema":"43e27e138ebf9cfc5966b082cf9a028302ed4184","hash":"e85a1865ba5020ce2c6ffb6a8c830b4569fa1427"}
,"/Users/alma.alatorre/Documents/Apprenticeship/react-apprenticeship-capstone1/src/components/VideoDetailsView/index.js": {"path":"/Users/alma.alatorre/Documents/Apprenticeship/react-apprenticeship-capstone1/src/components/VideoDetailsView/index.js","statementMap":{},"fnMap":{},"branchMap":{},"s":{},"f":{},"b":{},"_coverageSchema":"43e27e138ebf9cfc5966b082cf9a028302ed4184","hash":"333ee386419d631b0dadb9827db595bcf280f627"}
,"/Users/alma.alatorre/Documents/Apprenticeship/react-apprenticeship-capstone1/src/components/VideoRecomendationsList/VideoRecommendationsList.component.js": {"path":"/Users/alma.alatorre/Documents/Apprenticeship/react-apprenticeship-capstone1/src/components/VideoRecomendationsList/VideoRecommendationsList.component.js","statementMap":{"0":{"start":{"line":7,"column":33},"end":{"line":26,"column":1}},"1":{"start":{"line":8,"column":30},"end":{"line":8,"column":61}},"2":{"start":{"line":9,"column":28},"end":{"line":12,"column":4}},"3":{"start":{"line":14,"column":21},"end":{"line":14,"column":68}},"4":{"start":{"line":16,"column":2},"end":{"line":25,"column":3}},"5":{"start":{"line":18,"column":4},"end":{"line":22,"column":6}},"6":{"start":{"line":24,"column":4},"end":{"line":24,"column":17}}},"fnMap":{"0":{"name":"(anonymous_0)","decl":{"start":{"line":7,"column":33},"end":{"line":7,"column":34}},"loc":{"start":{"line":7,"column":39},"end":{"line":26,"column":1}},"line":7}},"branchMap":{"0":{"loc":{"start":{"line":16,"column":2},"end":{"line":25,"column":3}},"type":"if","locations":[{"start":{"line":16,"column":2},"end":{"line":25,"column":3}},{"start":{"line":16,"column":2},"end":{"line":25,"column":3}}],"line":16},"1":{"loc":{"start":{"line":16,"column":6},"end":{"line":16,"column":54}},"type":"binary-expr","locations":[{"start":{"line":16,"column":6},"end":{"line":16,"column":29}},{"start":{"line":16,"column":33},"end":{"line":16,"column":54}}],"line":16}},"s":{"0":2,"1":0,"2":0,"3":0,"4":0,"5":0,"6":0},"f":{"0":0},"b":{"0":[0,0],"1":[0,0]},"_coverageSchema":"43e27e138ebf9cfc5966b082cf9a028302ed4184","hash":"edeb190882f70c44bfce8137717a38ccee29eb8e"}
,"/Users/alma.alatorre/Documents/Apprenticeship/react-apprenticeship-capstone1/src/components/VideoRecomendationsList/VideoRecommendationsList.styled.js": {"path":"/Users/alma.alatorre/Documents/Apprenticeship/react-apprenticeship-capstone1/src/components/VideoRecomendationsList/VideoRecommendationsList.styled.js","statementMap":{"0":{"start":{"line":3,"column":38},"end":{"line":17,"column":1}}},"fnMap":{},"branchMap":{},"s":{"0":2},"f":{},"b":{},"_coverageSchema":"43e27e138ebf9cfc5966b082cf9a028302ed4184","hash":"0919c42d8bc918217b78a15b2322965a14be7050"}
,"/Users/alma.alatorre/Documents/Apprenticeship/react-apprenticeship-capstone1/src/components/VideoRecomendationsList/index.js": {"path":"/Users/alma.alatorre/Documents/Apprenticeship/react-apprenticeship-capstone1/src/components/VideoRecomendationsList/index.js","statementMap":{},"fnMap":{},"branchMap":{},"s":{},"f":{},"b":{},"_coverageSchema":"43e27e138ebf9cfc5966b082cf9a028302ed4184","hash":"1e1d9985ebb6e2ec4ec0b40db590232814e19085"}
,"/Users/alma.alatorre/Documents/Apprenticeship/react-apprenticeship-capstone1/src/components/VideosContainer/VideosContainer.component.jsx": {"path":"/Users/alma.alatorre/Documents/Apprenticeship/react-apprenticeship-capstone1/src/components/VideosContainer/VideosContainer.component.jsx","statementMap":{"0":{"start":{"line":8,"column":24},"end":{"line":25,"column":1}},"1":{"start":{"line":9,"column":24},"end":{"line":9,"column":49}},"2":{"start":{"line":11,"column":21},"end":{"line":14,"column":4}},"3":{"start":{"line":16,"column":21},"end":{"line":16,"column":54}},"4":{"start":{"line":18,"column":2},"end":{"line":24,"column":4}}},"fnMap":{"0":{"name":"(anonymous_0)","decl":{"start":{"line":8,"column":24},"end":{"line":8,"column":25}},"loc":{"start":{"line":8,"column":30},"end":{"line":25,"column":1}},"line":8}},"branchMap":{},"s":{"0":2,"1":1,"2":1,"3":1,"4":1},"f":{"0":1},"b":{},"_coverageSchema":"43e27e138ebf9cfc5966b082cf9a028302ed4184","hash":"cdc2a6bee7fb9b28aca10591c9d771621fb38af4"}
,"/Users/alma.alatorre/Documents/Apprenticeship/react-apprenticeship-capstone1/src/components/VideosContainer/VideosContainer.styled.js": {"path":"/Users/alma.alatorre/Documents/Apprenticeship/react-apprenticeship-capstone1/src/components/VideosContainer/VideosContainer.styled.js","statementMap":{"0":{"start":{"line":3,"column":30},"end":{"line":12,"column":1}}},"fnMap":{},"branchMap":{},"s":{"0":2},"f":{},"b":{},"_coverageSchema":"43e27e138ebf9cfc5966b082cf9a028302ed4184","hash":"e7b06e72609ac0896cca42b6a57a1effad67613d"}
,"/Users/alma.alatorre/Documents/Apprenticeship/react-apprenticeship-capstone1/src/components/VideosContainer/index.js": {"path":"/Users/alma.alatorre/Documents/Apprenticeship/react-apprenticeship-capstone1/src/components/VideosContainer/index.js","statementMap":{},"fnMap":{},"branchMap":{},"s":{},"f":{},"b":{},"_coverageSchema":"43e27e138ebf9cfc5966b082cf9a028302ed4184","hash":"657a3462cb0abf8b2dd17d52f65d9a02d03edfa1"}
,"/Users/alma.alatorre/Documents/Apprenticeship/react-apprenticeship-capstone1/src/context/current-video-context.js": {"path":"/Users/alma.alatorre/Documents/Apprenticeship/react-apprenticeship-capstone1/src/context/current-video-context.js","statementMap":{"0":{"start":{"line":3,"column":28},"end":{"line":6,"column":2}}},"fnMap":{"0":{"name":"(anonymous_0)","decl":{"start":{"line":5,"column":19},"end":{"line":5,"column":20}},"loc":{"start":{"line":5,"column":31},"end":{"line":5,"column":33}},"line":5}},"branchMap":{},"s":{"0":5},"f":{"0":0},"b":{},"_coverageSchema":"43e27e138ebf9cfc5966b082cf9a028302ed4184","hash":"1355611fb85a55043fe4843e72cf70c234731145"}
,"/Users/alma.alatorre/Documents/Apprenticeship/react-apprenticeship-capstone1/src/context/search-context.js": {"path":"/Users/alma.alatorre/Documents/Apprenticeship/react-apprenticeship-capstone1/src/context/search-context.js","statementMap":{"0":{"start":{"line":3,"column":22},"end":{"line":6,"column":2}}},"fnMap":{"0":{"name":"(anonymous_0)","decl":{"start":{"line":5,"column":18},"end":{"line":5,"column":19}},"loc":{"start":{"line":5,"column":30},"end":{"line":5,"column":32}},"line":5}},"branchMap":{},"s":{"0":4},"f":{"0":0},"b":{},"_coverageSchema":"43e27e138ebf9cfc5966b082cf9a028302ed4184","hash":"d87037cc7477eaa21a0528c07848595ba9e702da"}
,"/Users/alma.alatorre/Documents/Apprenticeship/react-apprenticeship-capstone1/src/context/theme-context.js": {"path":"/Users/alma.alatorre/Documents/Apprenticeship/react-apprenticeship-capstone1/src/context/theme-context.js","statementMap":{"0":{"start":{"line":3,"column":28},"end":{"line":3,"column":43}},"1":{"start":{"line":5,"column":21},"end":{"line":7,"column":1}},"2":{"start":{"line":9,"column":21},"end":{"line":18,"column":1}},"3":{"start":{"line":10,"column":2},"end":{"line":17,"column":3}},"4":{"start":{"line":12,"column":6},"end":{"line":12,"column":33}},"5":{"start":{"line":14,"column":6},"end":{"line":14,"column":32}},"6":{"start":{"line":16,"column":6},"end":{"line":16,"column":19}},"7":{"start":{"line":21,"column":28},"end":{"line":21,"column":66}},"8":{"start":{"line":23,"column":2},"end":{"line":27,"column":4}}},"fnMap":{"0":{"name":"(anonymous_0)","decl":{"start":{"line":9,"column":21},"end":{"line":9,"column":22}},"loc":{"start":{"line":9,"column":40},"end":{"line":18,"column":1}},"line":9},"1":{"name":"ThemeProvider","decl":{"start":{"line":20,"column":16},"end":{"line":20,"column":29}},"loc":{"start":{"line":20,"column":37},"end":{"line":28,"column":1}},"line":20}},"branchMap":{"0":{"loc":{"start":{"line":10,"column":2},"end":{"line":17,"column":3}},"type":"switch","locations":[{"start":{"line":11,"column":4},"end":{"line":12,"column":33}},{"start":{"line":13,"column":4},"end":{"line":14,"column":32}},{"start":{"line":15,"column":4},"end":{"line":16,"column":19}}],"line":10}},"s":{"0":3,"1":3,"2":3,"3":0,"4":0,"5":0,"6":0,"7":0,"8":0},"f":{"0":0,"1":0},"b":{"0":[0,0,0]},"_coverageSchema":"43e27e138ebf9cfc5966b082cf9a028302ed4184","hash":"e042955b0032b70e33f8bef096985c6a60d1c177"}
,"/Users/alma.alatorre/Documents/Apprenticeship/react-apprenticeship-capstone1/src/hooks/useFetchYoutubeVideos.js": {"path":"/Users/alma.alatorre/Documents/Apprenticeship/react-apprenticeship-capstone1/src/hooks/useFetchYoutubeVideos.js","statementMap":{"0":{"start":{"line":4,"column":30},"end":{"line":28,"column":1}},"1":{"start":{"line":5,"column":44},"end":{"line":5,"column":56}},"2":{"start":{"line":7,"column":17},"end":{"line":7,"column":58}},"3":{"start":{"line":8,"column":20},"end":{"line":8,"column":22}},"4":{"start":{"line":9,"column":17},"end":{"line":9,"column":19}},"5":{"start":{"line":11,"column":2},"end":{"line":15,"column":3}},"6":{"start":{"line":12,"column":4},"end":{"line":12,"column":173}},"7":{"start":{"line":14,"column":4},"end":{"line":14,"column":147}},"8":{"start":{"line":17,"column":2},"end":{"line":21,"column":17}},"9":{"start":{"line":18,"column":4},"end":{"line":20,"column":46}},"10":{"start":{"line":19,"column":26},"end":{"line":19,"column":41}},"11":{"start":{"line":20,"column":22},"end":{"line":20,"column":44}},"12":{"start":{"line":23,"column":2},"end":{"line":25,"column":3}},"13":{"start":{"line":24,"column":4},"end":{"line":24,"column":22}},"14":{"start":{"line":27,"column":2},"end":{"line":27,"column":23}}},"fnMap":{"0":{"name":"(anonymous_0)","decl":{"start":{"line":4,"column":30},"end":{"line":4,"column":31}},"loc":{"start":{"line":4,"column":41},"end":{"line":28,"column":1}},"line":4},"1":{"name":"(anonymous_1)","decl":{"start":{"line":17,"column":12},"end":{"line":17,"column":13}},"loc":{"start":{"line":17,"column":18},"end":{"line":21,"column":3}},"line":17},"2":{"name":"(anonymous_2)","decl":{"start":{"line":19,"column":12},"end":{"line":19,"column":13}},"loc":{"start":{"line":19,"column":26},"end":{"line":19,"column":41}},"line":19},"3":{"name":"(anonymous_3)","decl":{"start":{"line":20,"column":12},"end":{"line":20,"column":13}},"loc":{"start":{"line":20,"column":22},"end":{"line":20,"column":44}},"line":20}},"branchMap":{"0":{"loc":{"start":{"line":11,"column":2},"end":{"line":15,"column":3}},"type":"if","locations":[{"start":{"line":11,"column":2},"end":{"line":15,"column":3}},{"start":{"line":11,"column":2},"end":{"line":15,"column":3}}],"line":11},"1":{"loc":{"start":{"line":23,"column":2},"end":{"line":25,"column":3}},"type":"if","locations":[{"start":{"line":23,"column":2},"end":{"line":25,"column":3}},{"start":{"line":23,"column":2},"end":{"line":25,"column":3}}],"line":23}},"s":{"0":3,"1":1,"2":1,"3":1,"4":1,"5":1,"6":0,"7":1,"8":1,"9":1,"10":0,"11":0,"12":1,"13":0,"14":1},"f":{"0":1,"1":1,"2":0,"3":0},"b":{"0":[0,1],"1":[0,1]},"_coverageSchema":"43e27e138ebf9cfc5966b082cf9a028302ed4184","hash":"8dca3a15571796fdb0bbf04dc07b0be9a8b991cf"}
,"/Users/alma.alatorre/Documents/Apprenticeship/react-apprenticeship-capstone1/src/hooks/usePopulateVideoCards.js": {"path":"/Users/alma.alatorre/Documents/Apprenticeship/react-apprenticeship-capstone1/src/hooks/usePopulateVideoCards.js","statementMap":{"0":{"start":{"line":4,"column":30},"end":{"line":38,"column":1}},"1":{"start":{"line":5,"column":28},"end":{"line":5,"column":33}},"2":{"start":{"line":6,"column":25},"end":{"line":6,"column":31}},"3":{"start":{"line":8,"column":2},"end":{"line":35,"column":3}},"4":{"start":{"line":9,"column":4},"end":{"line":34,"column":7}},"5":{"start":{"line":17,"column":10},"end":{"line":17,"column":15}},"6":{"start":{"line":19,"column":8},"end":{"line":19,"column":61}},"7":{"start":{"line":21,"column":6},"end":{"line":33,"column":8}},"8":{"start":{"line":37,"column":2},"end":{"line":37,"column":29}}},"fnMap":{"0":{"name":"(anonymous_0)","decl":{"start":{"line":4,"column":30},"end":{"line":4,"column":31}},"loc":{"start":{"line":4,"column":69},"end":{"line":38,"column":1}},"line":4},"1":{"name":"(anonymous_1)","decl":{"start":{"line":9,"column":36},"end":{"line":9,"column":37}},"loc":{"start":{"line":9,"column":54},"end":{"line":34,"column":5}},"line":9}},"branchMap":{"0":{"loc":{"start":{"line":4,"column":39},"end":{"line":4,"column":64}},"type":"default-arg","locations":[{"start":{"line":4,"column":60},"end":{"line":4,"column":64}}],"line":4},"1":{"loc":{"start":{"line":6,"column":10},"end":{"line":6,"column":20}},"type":"default-arg","locations":[{"start":{"line":6,"column":18},"end":{"line":6,"column":20}}],"line":6},"2":{"loc":{"start":{"line":8,"column":2},"end":{"line":35,"column":3}},"type":"if","locations":[{"start":{"line":8,"column":2},"end":{"line":35,"column":3}},{"start":{"line":8,"column":2},"end":{"line":35,"column":3}}],"line":8},"3":{"loc":{"start":{"line":8,"column":6},"end":{"line":8,"column":31}},"type":"binary-expr","locations":[{"start":{"line":8,"column":6},"end":{"line":8,"column":11}},{"start":{"line":8,"column":15},"end":{"line":8,"column":31}}],"line":8},"4":{"loc":{"start":{"line":11,"column":17},"end":{"line":15,"column":14}},"type":"default-arg","locations":[{"start":{"line":15,"column":12},"end":{"line":15,"column":14}}],"line":11},"5":{"loc":{"start":{"line":12,"column":22},"end":{"line":12,"column":56}},"type":"default-arg","locations":[{"start":{"line":12,"column":54},"end":{"line":12,"column":56}}],"line":12},"6":{"loc":{"start":{"line":12,"column":32},"end":{"line":12,"column":49}},"type":"default-arg","locations":[{"start":{"line":12,"column":47},"end":{"line":12,"column":49}}],"line":12},"7":{"loc":{"start":{"line":12,"column":34},"end":{"line":12,"column":42}},"type":"default-arg","locations":[{"start":{"line":12,"column":40},"end":{"line":12,"column":42}}],"line":12},"8":{"loc":{"start":{"line":13,"column":10},"end":{"line":13,"column":20}},"type":"default-arg","locations":[{"start":{"line":13,"column":18},"end":{"line":13,"column":20}}],"line":13},"9":{"loc":{"start":{"line":14,"column":10},"end":{"line":14,"column":26}},"type":"default-arg","locations":[{"start":{"line":14,"column":24},"end":{"line":14,"column":26}}],"line":14},"10":{"loc":{"start":{"line":16,"column":12},"end":{"line":16,"column":33}},"type":"default-arg","locations":[{"start":{"line":16,"column":31},"end":{"line":16,"column":33}}],"line":16},"11":{"loc":{"start":{"line":16,"column":14},"end":{"line":16,"column":26}},"type":"default-arg","locations":[{"start":{"line":16,"column":24},"end":{"line":16,"column":26}}],"line":16},"12":{"loc":{"start":{"line":19,"column":8},"end":{"line":19,"column":61}},"type":"cond-expr","locations":[{"start":{"line":19,"column":49},"end":{"line":19,"column":53}},{"start":{"line":19,"column":56},"end":{"line":19,"column":61}}],"line":19},"13":{"loc":{"start":{"line":19,"column":8},"end":{"line":19,"column":46}},"type":"binary-expr","locations":[{"start":{"line":19,"column":8},"end":{"line":19,"column":13}},{"start":{"line":19,"column":17},"end":{"line":19,"column":28}},{"start":{"line":19,"column":32},"end":{"line":19,"column":35}},{"start":{"line":19,"column":39},"end":{"line":19,"column":46}}],"line":19},"14":{"loc":{"start":{"line":23,"column":11},"end":{"line":31,"column":11}},"type":"binary-expr","locations":[{"start":{"line":23,"column":11},"end":{"line":23,"column":27}},{"start":{"line":24,"column":12},"end":{"line":30,"column":14}}],"line":23}},"s":{"0":3,"1":1,"2":1,"3":1,"4":0,"5":0,"6":0,"7":0,"8":1},"f":{"0":1,"1":0},"b":{"0":[1],"1":[1],"2":[0,1],"3":[1,1],"4":[0],"5":[0],"6":[0],"7":[0],"8":[0],"9":[0],"10":[0],"11":[0],"12":[0,0],"13":[0,0,0,0],"14":[0,0]},"_coverageSchema":"43e27e138ebf9cfc5966b082cf9a028302ed4184","hash":"b5455522cb3fcebabeb927054686d452c03ef08e"}
,"/Users/alma.alatorre/Documents/Apprenticeship/react-apprenticeship-capstone1/src/pages/Login/Login.api.js": {"path":"/Users/alma.alatorre/Documents/Apprenticeship/react-apprenticeship-capstone1/src/pages/Login/Login.api.js","statementMap":{"0":{"start":{"line":1,"column":19},"end":{"line":6,"column":1}},"1":{"start":{"line":9,"column":2},"end":{"line":16,"column":5}},"2":{"start":{"line":10,"column":4},"end":{"line":15,"column":12}},"3":{"start":{"line":11,"column":6},"end":{"line":13,"column":7}},"4":{"start":{"line":12,"column":8},"end":{"line":12,"column":35}},"5":{"start":{"line":14,"column":6},"end":{"line":14,"column":63}}},"fnMap":{"0":{"name":"loginApi","decl":{"start":{"line":8,"column":15},"end":{"line":8,"column":23}},"loc":{"start":{"line":8,"column":44},"end":{"line":17,"column":1}},"line":8},"1":{"name":"(anonymous_1)","decl":{"start":{"line":9,"column":21},"end":{"line":9,"column":22}},"loc":{"start":{"line":9,"column":42},"end":{"line":16,"column":3}},"line":9},"2":{"name":"(anonymous_2)","decl":{"start":{"line":10,"column":15},"end":{"line":10,"column":16}},"loc":{"start":{"line":10,"column":21},"end":{"line":15,"column":5}},"line":10}},"branchMap":{"0":{"loc":{"start":{"line":11,"column":6},"end":{"line":13,"column":7}},"type":"if","locations":[{"start":{"line":11,"column":6},"end":{"line":13,"column":7}},{"start":{"line":11,"column":6},"end":{"line":13,"column":7}}],"line":11},"1":{"loc":{"start":{"line":11,"column":10},"end":{"line":11,"column":58}},"type":"binary-expr","locations":[{"start":{"line":11,"column":10},"end":{"line":11,"column":33}},{"start":{"line":11,"column":37},"end":{"line":11,"column":58}}],"line":11}},"s":{"0":1,"1":0,"2":0,"3":0,"4":0,"5":0},"f":{"0":0,"1":0,"2":0},"b":{"0":[0,0],"1":[0,0]},"_coverageSchema":"43e27e138ebf9cfc5966b082cf9a028302ed4184","hash":"c5f93e828ff071285e82cae8de4d0659e3f7c543"}
,"/Users/alma.alatorre/Documents/Apprenticeship/react-apprenticeship-capstone1/src/pages/Login/Login.page.js": {"path":"/Users/alma.alatorre/Documents/Apprenticeship/react-apprenticeship-capstone1/src/pages/Login/Login.page.js","statementMap":{"0":{"start":{"line":7,"column":20},"end":{"line":7,"column":29}},"1":{"start":{"line":8,"column":18},"end":{"line":8,"column":30}},"2":{"start":{"line":11,"column":4},"end":{"line":11,"column":27}},"3":{"start":{"line":12,"column":27},"end":{"line":15,"column":5}},"4":{"start":{"line":16,"column":4},"end":{"line":16,"column":32}},"5":{"start":{"line":17,"column":4},"end":{"line":17,"column":12}},"6":{"start":{"line":20,"column":2},"end":{"line":39,"column":4}}},"fnMap":{"0":{"name":"LoginPage","decl":{"start":{"line":6,"column":9},"end":{"line":6,"column":18}},"loc":{"start":{"line":6,"column":21},"end":{"line":40,"column":1}},"line":6},"1":{"name":"authenticate","decl":{"start":{"line":10,"column":11},"end":{"line":10,"column":23}},"loc":{"start":{"line":10,"column":31},"end":{"line":18,"column":3}},"line":10}},"branchMap":{},"s":{"0":0,"1":0,"2":0,"3":0,"4":0,"5":0,"6":0},"f":{"0":0,"1":0},"b":{},"_coverageSchema":"43e27e138ebf9cfc5966b082cf9a028302ed4184","hash":"1b790c1e5233d695a69e236124daaa6a1470b9f8"}
,"/Users/alma.alatorre/Documents/Apprenticeship/react-apprenticeship-capstone1/src/pages/NotFound/NotFound.js": {"path":"/Users/alma.alatorre/Documents/Apprenticeship/react-apprenticeship-capstone1/src/pages/NotFound/NotFound.js","statementMap":{"0":{"start":{"line":3,"column":21},"end":{"line":5,"column":1}},"1":{"start":{"line":4,"column":2},"end":{"line":4,"column":28}}},"fnMap":{"0":{"name":"(anonymous_0)","decl":{"start":{"line":3,"column":21},"end":{"line":3,"column":22}},"loc":{"start":{"line":3,"column":27},"end":{"line":5,"column":1}},"line":3}},"branchMap":{},"s":{"0":1,"1":0},"f":{"0":0},"b":{},"_coverageSchema":"43e27e138ebf9cfc5966b082cf9a028302ed4184","hash":"4e7e398eb770ca529c27cf4b8555845f85a4246b"}
,"/Users/alma.alatorre/Documents/Apprenticeship/react-apprenticeship-capstone1/src/utils/constants.js": {"path":"/Users/alma.alatorre/Documents/Apprenticeship/react-apprenticeship-capstone1/src/utils/constants.js","statementMap":{"0":{"start":{"line":1,"column":25},"end":{"line":1,"column":48}}},"fnMap":{},"branchMap":{},"s":{"0":1},"f":{},"b":{},"_coverageSchema":"43e27e138ebf9cfc5966b082cf9a028302ed4184","hash":"d5ce6a696b5346f38c6b47332a0861aa328d0301"}
,"/Users/alma.alatorre/Documents/Apprenticeship/react-apprenticeship-capstone1/src/utils/storage.js": {"path":"/Users/alma.alatorre/Documents/Apprenticeship/react-apprenticeship-capstone1/src/utils/storage.js","statementMap":{"0":{"start":{"line":1,"column":16},"end":{"line":15,"column":1}},"1":{"start":{"line":3,"column":4},"end":{"line":9,"column":5}},"2":{"start":{"line":4,"column":23},"end":{"line":4,"column":55}},"3":{"start":{"line":5,"column":6},"end":{"line":5,"column":34}},"4":{"start":{"line":7,"column":6},"end":{"line":7,"column":60}},"5":{"start":{"line":8,"column":6},"end":{"line":8,"column":18}},"6":{"start":{"line":13,"column":4},"end":{"line":13,"column":60}}},"fnMap":{"0":{"name":"(anonymous_0)","decl":{"start":{"line":2,"column":2},"end":{"line":2,"column":3}},"loc":{"start":{"line":2,"column":11},"end":{"line":10,"column":3}},"line":2},"1":{"name":"(anonymous_1)","decl":{"start":{"line":12,"column":2},"end":{"line":12,"column":3}},"loc":{"start":{"line":12,"column":18},"end":{"line":14,"column":3}},"line":12}},"branchMap":{},"s":{"0":1,"1":0,"2":0,"3":0,"4":0,"5":0,"6":0},"f":{"0":0,"1":0},"b":{},"_coverageSchema":"43e27e138ebf9cfc5966b082cf9a028302ed4184","hash":"00d28c2ca0b13f553f8d7e8e5a0c9c9a68e45713"}
}
