TN:
SF:/Users/alma.alatorre/Documents/Apprenticeship/react-apprenticeship-capstone1/src/Themes.js
FNF:0
FNH:0
DA:1,1
DA:10,1
LF:2
LH:2
BRF:0
BRH:0
end_of_record
TN:
SF:/Users/alma.alatorre/Documents/Apprenticeship/react-apprenticeship-capstone1/src/index.js
FNF:0
FNH:0
DA:8,0
LF:1
LH:0
BRF:0
BRH:0
end_of_record
TN:
SF:/Users/alma.alatorre/Documents/Apprenticeship/react-apprenticeship-capstone1/src/Providers/check.js
FN:1,(anonymous_0)
FNF:1
FNH:0
FNDA:0,(anonymous_0)
DA:1,0
DA:2,0
DA:3,0
LF:3
LH:0
BRF:0
BRH:0
end_of_record
TN:
SF:/Users/alma.alatorre/Documents/Apprenticeship/react-apprenticeship-capstone1/src/Providers/Auth/Auth.provider.js
FN:8,useAuth
FN:17,AuthProvider
FN:20,(anonymous_2)
FN:27,(anonymous_3)
FN:32,(anonymous_4)
FNF:5
FNH:3
FNDA:1,useAuth
FNDA:2,AuthProvider
FNDA:2,(anonymous_2)
FNDA:0,(anonymous_3)
FNDA:0,(anonymous_4)
DA:6,4
DA:9,1
DA:10,1
DA:11,0
DA:13,1
DA:18,2
DA:20,2
DA:21,2
DA:22,2
DA:24,2
DA:27,2
DA:28,0
DA:29,0
DA:32,2
DA:33,0
DA:34,0
DA:37,2
LF:17
LH:12
BRDA:10,0,0,0
BRDA:10,0,1,1
BRF:2
BRH:1
end_of_record
TN:
SF:/Users/alma.alatorre/Documents/Apprenticeship/react-apprenticeship-capstone1/src/Providers/Auth/index.js
FNF:0
FNH:0
LF:0
LH:0
BRF:0
BRH:0
end_of_record
TN:
SF:/Users/alma.alatorre/Documents/Apprenticeship/react-apprenticeship-capstone1/src/components/globalStyles.js
FN:5,(anonymous_0)
FN:6,(anonymous_1)
FN:11,(anonymous_2)
FN:15,(anonymous_3)
FN:19,(anonymous_4)
FN:20,(anonymous_5)
FN:25,(anonymous_6)
FNF:7
FNH:0
FNDA:0,(anonymous_0)
FNDA:0,(anonymous_1)
FNDA:0,(anonymous_2)
FNDA:0,(anonymous_3)
FNDA:0,(anonymous_4)
FNDA:0,(anonymous_5)
FNDA:0,(anonymous_6)
DA:3,1
DA:5,0
DA:6,0
DA:11,0
DA:15,0
DA:19,0
DA:20,0
DA:25,0
LF:8
LH:1
BRF:0
BRH:0
end_of_record
TN:
SF:/Users/alma.alatorre/Documents/Apprenticeship/react-apprenticeship-capstone1/src/components/App/App.component.jsx
FN:24,App
FNF:1
FNH:1
FNDA:1,App
DA:26,1
DA:29,1
DA:30,1
DA:31,1
DA:33,1
DA:34,1
DA:36,1
DA:42,1
DA:47,1
DA:52,1
DA:57,1
LF:11
LH:11
BRDA:26,0,0,1
BRDA:26,0,1,1
BRDA:31,1,0,0
BRDA:31,2,0,0
BRDA:60,3,0,1
BRDA:60,3,1,0
BRF:6
BRH:3
end_of_record
TN:
SF:/Users/alma.alatorre/Documents/Apprenticeship/react-apprenticeship-capstone1/src/components/App/index.js
FNF:0
FNH:0
LF:0
LH:0
BRF:0
BRH:0
end_of_record
TN:
SF:/Users/alma.alatorre/Documents/Apprenticeship/react-apprenticeship-capstone1/src/components/BurgerMenu/BurgerMenu.component.jsx
FN:6,(anonymous_0)
FN:8,(anonymous_1)
FNF:2
FNH:1
FNDA:4,(anonymous_0)
FNDA:0,(anonymous_1)
DA:6,3
DA:7,4
DA:8,4
DA:9,0
DA:11,4
LF:5
LH:4
BRDA:21,0,0,4
BRDA:21,0,1,0
BRF:2
BRH:1
end_of_record
TN:
SF:/Users/alma.alatorre/Documents/Apprenticeship/react-apprenticeship-capstone1/src/components/BurgerMenu/BurgerMenu.styled.js
FNF:0
FNH:0
DA:3,3
DA:17,3
LF:2
LH:2
BRF:0
BRH:0
end_of_record
TN:
SF:/Users/alma.alatorre/Documents/Apprenticeship/react-apprenticeship-capstone1/src/components/BurgerMenu/index.js
FNF:0
FNH:0
LF:0
LH:0
BRF:0
BRH:0
end_of_record
TN:
SF:/Users/alma.alatorre/Documents/Apprenticeship/react-apprenticeship-capstone1/src/components/Button/Button.component.jsx
FN:4,(anonymous_0)
FNF:1
FNH:1
FNDA:2,(anonymous_0)
DA:4,6
DA:5,2
LF:2
LH:2
BRF:0
BRH:0
end_of_record
TN:
SF:/Users/alma.alatorre/Documents/Apprenticeship/react-apprenticeship-capstone1/src/components/Button/Button.styled.js
FNF:0
FNH:0
DA:3,6
LF:1
LH:1
BRF:0
BRH:0
end_of_record
TN:
SF:/Users/alma.alatorre/Documents/Apprenticeship/react-apprenticeship-capstone1/src/components/DarkModeToggle/DarkModeToggle.component.jsx
FN:12,(anonymous_0)
FN:14,(anonymous_1)
FN:16,(anonymous_2)
FN:30,(anonymous_3)
FNF:4
FNH:1
FNDA:3,(anonymous_0)
FNDA:0,(anonymous_1)
FNDA:0,(anonymous_2)
FNDA:0,(anonymous_3)
DA:12,3
DA:13,3
DA:14,3
DA:16,3
DA:17,0
DA:18,0
DA:20,0
DA:24,3
DA:31,0
LF:9
LH:5
BRDA:14,0,0,0
BRDA:14,1,0,0
BRDA:14,2,0,0
BRDA:17,3,0,0
BRDA:17,3,1,0
BRDA:38,4,0,0
BRDA:38,4,1,3
BRF:7
BRH:1
end_of_record
TN:
SF:/Users/alma.alatorre/Documents/Apprenticeship/react-apprenticeship-capstone1/src/components/DarkModeToggle/DarkModeToggle.styled.js
FNF:0
FNH:0
DA:3,3
DA:12,3
DA:21,3
DA:34,3
DA:48,3
LF:5
LH:5
BRF:0
BRH:0
end_of_record
TN:
SF:/Users/alma.alatorre/Documents/Apprenticeship/react-apprenticeship-capstone1/src/components/DarkModeToggle/index.js
FNF:0
FNH:0
LF:0
LH:0
BRF:0
BRH:0
end_of_record
TN:
SF:/Users/alma.alatorre/Documents/Apprenticeship/react-apprenticeship-capstone1/src/components/Header/Header.component.jsx
FN:10,(anonymous_0)
FNF:1
FNH:1
FNDA:2,(anonymous_0)
DA:10,2
DA:11,2
DA:13,2
DA:14,2
LF:4
LH:4
BRDA:12,0,0,0
BRDA:12,1,0,0
BRDA:12,2,0,0
BRF:3
BRH:0
end_of_record
TN:
SF:/Users/alma.alatorre/Documents/Apprenticeship/react-apprenticeship-capstone1/src/components/Header/Header.styled.js
FNF:0
FNH:0
DA:3,2
LF:1
LH:1
BRF:0
BRH:0
end_of_record
TN:
SF:/Users/alma.alatorre/Documents/Apprenticeship/react-apprenticeship-capstone1/src/components/Header/index.js
FNF:0
FNH:0
LF:0
LH:0
BRF:0
BRH:0
end_of_record
TN:
SF:/Users/alma.alatorre/Documents/Apprenticeship/react-apprenticeship-capstone1/src/components/Heading/Heading.component.jsx
FN:5,(anonymous_0)
FNF:1
FNH:1
FNDA:4,(anonymous_0)
DA:5,3
DA:6,4
LF:2
LH:2
BRF:0
BRH:0
end_of_record
TN:
SF:/Users/alma.alatorre/Documents/Apprenticeship/react-apprenticeship-capstone1/src/components/Heading/Heading.styled.js
FNF:0
FNH:0
DA:3,3
LF:1
LH:1
BRF:0
BRH:0
end_of_record
TN:
SF:/Users/alma.alatorre/Documents/Apprenticeship/react-apprenticeship-capstone1/src/components/Heading/index.js
FNF:0
FNH:0
LF:0
LH:0
BRF:0
BRH:0
end_of_record
TN:
SF:/Users/alma.alatorre/Documents/Apprenticeship/react-apprenticeship-capstone1/src/components/LoginAvatar/LoginAvatar.component.jsx
FN:6,(anonymous_0)
FN:8,(anonymous_1)
FNF:2
FNH:1
FNDA:3,(anonymous_0)
FNDA:0,(anonymous_1)
DA:6,3
DA:7,3
DA:8,3
DA:9,0
DA:12,3
LF:5
LH:4
BRDA:6,0,0,0
BRDA:6,1,0,1
BRDA:14,2,0,1
BRDA:14,2,1,2
BRDA:17,3,0,0
BRDA:17,3,1,3
BRF:6
BRH:4
end_of_record
TN:
SF:/Users/alma.alatorre/Documents/Apprenticeship/react-apprenticeship-capstone1/src/components/LoginAvatar/LoginAvatar.styled.js
FNF:0
FNH:0
DA:3,3
LF:1
LH:1
BRF:0
BRH:0
end_of_record
TN:
SF:/Users/alma.alatorre/Documents/Apprenticeship/react-apprenticeship-capstone1/src/components/LoginAvatar/index.js
FNF:0
FNH:0
LF:0
LH:0
BRF:0
BRH:0
end_of_record
TN:
SF:/Users/alma.alatorre/Documents/Apprenticeship/react-apprenticeship-capstone1/src/components/MainContainer/MainContainer.component.jsx
FN:5,(anonymous_0)
FNF:1
FNH:1
FNDA:2,(anonymous_0)
DA:5,2
DA:6,2
LF:2
LH:2
BRF:0
BRH:0
end_of_record
TN:
SF:/Users/alma.alatorre/Documents/Apprenticeship/react-apprenticeship-capstone1/src/components/MainContainer/MainContainer.styled.js
FNF:0
FNH:0
DA:3,2
LF:1
LH:1
BRF:0
BRH:0
end_of_record
TN:
SF:/Users/alma.alatorre/Documents/Apprenticeship/react-apprenticeship-capstone1/src/components/MainContainer/index.js
FNF:0
FNH:0
LF:0
LH:0
BRF:0
BRH:0
end_of_record
TN:
SF:/Users/alma.alatorre/Documents/Apprenticeship/react-apprenticeship-capstone1/src/components/MenuModal/MenuModal.component.jsx
FN:9,(anonymous_0)
FN:19,(anonymous_1)
FNF:2
FNH:1
FNDA:1,(anonymous_0)
FNDA:0,(anonymous_1)
DA:9,4
DA:10,1
DA:11,1
DA:15,1
DA:16,1
DA:17,1
DA:19,1
DA:20,0
DA:21,0
DA:22,0
DA:23,0
DA:24,0
DA:25,0
DA:27,1
LF:14
LH:8
BRDA:13,0,0,0
BRDA:32,1,0,0
BRDA:32,1,1,1
BRF:3
BRH:1
end_of_record
TN:
SF:/Users/alma.alatorre/Documents/Apprenticeship/react-apprenticeship-capstone1/src/components/MenuModal/MenuModal.styled.js
FNF:0
FNH:0
DA:3,4
DA:17,4
LF:2
LH:2
BRF:0
BRH:0
end_of_record
TN:
SF:/Users/alma.alatorre/Documents/Apprenticeship/react-apprenticeship-capstone1/src/components/MenuModal/index.js
FNF:0
FNH:0
LF:0
LH:0
BRF:0
BRH:0
end_of_record
TN:
SF:/Users/alma.alatorre/Documents/Apprenticeship/react-apprenticeship-capstone1/src/components/Private/Private.component.jsx
FN:7,Private
FN:13,(anonymous_1)
FNF:2
FNH:0
FNDA:0,Private
FNDA:0,(anonymous_1)
DA:8,0
DA:10,0
DA:13,0
LF:3
LH:0
BRDA:13,0,0,0
BRDA:13,0,1,0
BRF:2
BRH:0
end_of_record
TN:
SF:/Users/alma.alatorre/Documents/Apprenticeship/react-apprenticeship-capstone1/src/components/Private/index.js
FNF:0
FNH:0
LF:0
LH:0
BRF:0
BRH:0
end_of_record
TN:
SF:/Users/alma.alatorre/Documents/Apprenticeship/react-apprenticeship-capstone1/src/components/Searchbar/Searchbar.component.jsx
FN:6,(anonymous_0)
FN:11,(anonymous_1)
FN:24,(anonymous_2)
FNF:3
FNH:1
FNDA:3,(anonymous_0)
FNDA:0,(anonymous_1)
FNDA:0,(anonymous_2)
DA:6,3
DA:7,3
DA:8,3
DA:9,3
DA:11,3
DA:12,0
DA:13,0
DA:14,0
DA:18,3
DA:25,0
LF:10
LH:6
BRDA:12,0,0,0
BRDA:12,0,1,0
BRF:2
BRH:0
end_of_record
TN:
SF:/Users/alma.alatorre/Documents/Apprenticeship/react-apprenticeship-capstone1/src/components/Searchbar/Searchbar.styled.js
FNF:0
FNH:0
DA:3,3
LF:1
LH:1
BRF:0
BRH:0
end_of_record
TN:
SF:/Users/alma.alatorre/Documents/Apprenticeship/react-apprenticeship-capstone1/src/components/Searchbar/index.js
FNF:0
FNH:0
LF:0
LH:0
BRF:0
BRH:0
end_of_record
TN:
SF:/Users/alma.alatorre/Documents/Apprenticeship/react-apprenticeship-capstone1/src/components/VideoCard/VideoCard.component.jsx
FN:12,(anonymous_0)
FN:22,(anonymous_1)
FNF:2
FNH:1
FNDA:4,(anonymous_0)
FNDA:0,(anonymous_1)
DA:12,4
DA:13,4
DA:14,4
DA:21,4
DA:22,4
DA:23,0
DA:29,0
DA:30,0
DA:33,4
LF:9
LH:6
BRDA:16,0,0,4
BRDA:17,1,0,3
BRDA:18,2,0,3
BRDA:19,3,0,3
BRDA:20,4,0,4
BRDA:41,5,0,4
BRDA:41,5,1,0
BRF:7
BRH:6
end_of_record
TN:
SF:/Users/alma.alatorre/Documents/Apprenticeship/react-apprenticeship-capstone1/src/components/VideoCard/VideoCard.styled.js
FN:24,(anonymous_0)
FNF:1
FNH:1
FNDA:4,(anonymous_0)
DA:3,4
DA:17,4
DA:24,4
DA:27,4
DA:33,4
LF:5
LH:5
BRF:0
BRH:0
end_of_record
TN:
SF:/Users/alma.alatorre/Documents/Apprenticeship/react-apprenticeship-capstone1/src/components/VideoCard/index.js
FNF:0
FNH:0
LF:0
LH:0
BRF:0
BRH:0
end_of_record
TN:
SF:/Users/alma.alatorre/Documents/Apprenticeship/react-apprenticeship-capstone1/src/components/VideoDetailsCard/VideoDetailsCard.component.js
FN:10,(anonymous_0)
FN:19,(anonymous_1)
FN:23,(anonymous_2)
FN:38,(anonymous_3)
FNF:4
FNH:2
FNDA:2,(anonymous_0)
FNDA:2,(anonymous_1)
FNDA:0,(anonymous_2)
FNDA:0,(anonymous_3)
DA:10,3
DA:11,2
DA:13,2
DA:15,2
DA:16,2
DA:19,2
DA:20,2
DA:23,2
DA:24,0
DA:28,0
DA:33,0
DA:35,0
DA:38,2
DA:39,0
DA:43,0
DA:45,0
DA:47,0
DA:50,2
LF:18
LH:10
BRDA:12,0,0,0
BRDA:12,1,0,0
BRDA:12,2,0,0
BRDA:12,3,0,0
BRDA:25,4,0,0
BRDA:25,4,1,0
BRDA:40,5,0,0
BRDA:40,5,1,0
BRDA:61,6,0,0
BRDA:61,6,1,2
BRF:10
BRH:1
end_of_record
TN:
SF:/Users/alma.alatorre/Documents/Apprenticeship/react-apprenticeship-capstone1/src/components/VideoDetailsCard/VideoDetailsCard.styled.js
FNF:0
FNH:0
DA:3,3
DA:11,3
LF:2
LH:2
BRF:0
BRH:0
end_of_record
TN:
SF:/Users/alma.alatorre/Documents/Apprenticeship/react-apprenticeship-capstone1/src/components/VideoDetailsCard/index.js
FNF:0
FNH:0
LF:0
LH:0
BRF:0
BRH:0
end_of_record
TN:
SF:/Users/alma.alatorre/Documents/Apprenticeship/react-apprenticeship-capstone1/src/components/VideoDetailsView/VideoDetailsView.component.js
FN:7,(anonymous_0)
FNF:1
FNH:1
FNDA:1,(anonymous_0)
DA:7,2
DA:8,1
DA:9,1
LF:3
LH:3
BRF:0
BRH:0
end_of_record
TN:
SF:/Users/alma.alatorre/Documents/Apprenticeship/react-apprenticeship-capstone1/src/components/VideoDetailsView/VideoDetailsView.styled.js
FNF:0
FNH:0
DA:3,2
LF:1
LH:1
BRF:0
BRH:0
end_of_record
TN:
SF:/Users/alma.alatorre/Documents/Apprenticeship/react-apprenticeship-capstone1/src/components/VideoDetailsView/index.js
FNF:0
FNH:0
LF:0
LH:0
BRF:0
BRH:0
end_of_record
TN:
SF:/Users/alma.alatorre/Documents/Apprenticeship/react-apprenticeship-capstone1/src/components/VideoRecomendationsList/VideoRecommendationsList.component.js
FN:7,(anonymous_0)
FNF:1
FNH:1
FNDA:1,(anonymous_0)
DA:7,2
DA:8,1
DA:9,1
DA:14,1
DA:16,1
DA:18,0
DA:24,1
LF:7
LH:6
BRDA:16,0,0,0
BRDA:16,0,1,1
BRDA:16,1,0,1
BRDA:16,1,1,0
BRF:4
BRH:2
end_of_record
TN:
SF:/Users/alma.alatorre/Documents/Apprenticeship/react-apprenticeship-capstone1/src/components/VideoRecomendationsList/VideoRecommendationsList.styled.js
FNF:0
FNH:0
DA:3,2
LF:1
LH:1
BRF:0
BRH:0
end_of_record
TN:
SF:/Users/alma.alatorre/Documents/Apprenticeship/react-apprenticeship-capstone1/src/components/VideoRecomendationsList/index.js
FNF:0
FNH:0
LF:0
LH:0
BRF:0
BRH:0
end_of_record
TN:
SF:/Users/alma.alatorre/Documents/Apprenticeship/react-apprenticeship-capstone1/src/components/VideosContainer/VideosContainer.component.jsx
FN:9,(anonymous_0)
FNF:1
FNH:1
FNDA:2,(anonymous_0)
DA:9,2
DA:10,2
DA:12,2
DA:17,2
DA:19,2
LF:5
LH:5
BRF:0
BRH:0
end_of_record
TN:
SF:/Users/alma.alatorre/Documents/Apprenticeship/react-apprenticeship-capstone1/src/components/VideosContainer/VideosContainer.styled.js
FNF:0
FNH:0
DA:3,2
LF:1
LH:1
BRF:0
BRH:0
end_of_record
TN:
SF:/Users/alma.alatorre/Documents/Apprenticeship/react-apprenticeship-capstone1/src/components/VideosContainer/index.js
FNF:0
FNH:0
LF:0
LH:0
BRF:0
BRH:0
end_of_record
TN:
SF:/Users/alma.alatorre/Documents/Apprenticeship/react-apprenticeship-capstone1/src/context/current-video-context.js
FN:5,(anonymous_0)
FNF:1
FNH:0
FNDA:0,(anonymous_0)
DA:3,5
LF:1
LH:1
BRF:0
BRH:0
end_of_record
TN:
SF:/Users/alma.alatorre/Documents/Apprenticeship/react-apprenticeship-capstone1/src/context/search-context.js
FN:5,(anonymous_0)
FNF:1
FNH:0
FNDA:0,(anonymous_0)
DA:3,4
LF:1
LH:1
BRF:0
BRH:0
end_of_record
TN:
SF:/Users/alma.alatorre/Documents/Apprenticeship/react-apprenticeship-capstone1/src/context/session-details-context.js
FN:5,(anonymous_0)
FNF:1
FNH:0
FNDA:0,(anonymous_0)
DA:3,4
LF:1
LH:1
BRF:0
BRH:0
end_of_record
TN:
SF:/Users/alma.alatorre/Documents/Apprenticeship/react-apprenticeship-capstone1/src/context/theme-context.js
FN:9,(anonymous_0)
FN:20,ThemeProvider
FNF:2
FNH:1
FNDA:0,(anonymous_0)
FNDA:3,ThemeProvider
DA:3,3
DA:5,3
DA:9,3
DA:10,0
DA:12,0
DA:14,0
DA:16,0
DA:21,3
DA:23,3
LF:9
LH:5
BRDA:10,0,0,0
BRDA:10,0,1,0
BRDA:10,0,2,0
BRF:3
BRH:0
end_of_record
TN:
SF:/Users/alma.alatorre/Documents/Apprenticeship/react-apprenticeship-capstone1/src/hooks/useFetchYoutubeVideos.js
FN:4,(anonymous_0)
FN:17,(anonymous_1)
FN:19,(anonymous_2)
FN:20,(anonymous_3)
FNF:4
FNH:2
FNDA:3,(anonymous_0)
FNDA:3,(anonymous_1)
FNDA:0,(anonymous_2)
FNDA:0,(anonymous_3)
DA:4,3
DA:5,3
DA:7,3
DA:8,3
DA:9,3
DA:11,3
DA:12,1
DA:14,2
DA:17,3
DA:18,3
DA:19,0
DA:20,0
DA:23,3
DA:24,0
DA:27,3
LF:15
LH:12
BRDA:11,0,0,1
BRDA:11,0,1,2
BRDA:23,1,0,0
BRDA:23,1,1,3
BRF:4
BRH:3
end_of_record
TN:
SF:/Users/alma.alatorre/Documents/Apprenticeship/react-apprenticeship-capstone1/src/hooks/usePopulateVideoCards.js
FN:4,(anonymous_0)
FN:9,(anonymous_1)
FNF:2
FNH:1
FNDA:3,(anonymous_0)
FNDA:0,(anonymous_1)
DA:4,3
DA:5,3
DA:6,3
DA:8,3
DA:9,0
DA:17,0
DA:19,0
DA:21,0
DA:37,3
LF:9
LH:5
BRDA:4,0,0,2
BRDA:6,1,0,3
BRDA:8,2,0,0
BRDA:8,2,1,3
BRDA:8,3,0,3
BRDA:8,3,1,3
BRDA:11,4,0,0
BRDA:12,5,0,0
BRDA:12,6,0,0
BRDA:12,7,0,0
BRDA:13,8,0,0
BRDA:14,9,0,0
BRDA:16,10,0,0
BRDA:16,11,0,0
BRDA:19,12,0,0
BRDA:19,12,1,0
BRDA:19,13,0,0
BRDA:19,13,1,0
BRDA:19,13,2,0
BRDA:19,13,3,0
BRDA:23,14,0,0
BRDA:23,14,1,0
BRF:22
BRH:5
end_of_record
TN:
SF:/Users/alma.alatorre/Documents/Apprenticeship/react-apprenticeship-capstone1/src/pages/Favourites/FavouriteVideosView.page.jsx
FN:6,(anonymous_0)
FN:15,(anonymous_1)
FNF:2
FNH:0
FNDA:0,(anonymous_0)
FNDA:0,(anonymous_1)
DA:6,1
DA:7,0
DA:11,0
DA:16,0
LF:4
LH:1
BRDA:8,0,0,0
BRDA:8,0,1,0
BRF:2
BRH:0
end_of_record
TN:
SF:/Users/alma.alatorre/Documents/Apprenticeship/react-apprenticeship-capstone1/src/pages/Login/Login.api.js
FN:8,loginApi
FN:9,(anonymous_1)
FN:10,(anonymous_2)
FNF:3
FNH:0
FNDA:0,loginApi
FNDA:0,(anonymous_1)
FNDA:0,(anonymous_2)
DA:1,1
DA:9,0
DA:10,0
DA:11,0
DA:12,0
DA:14,0
LF:6
LH:1
BRDA:11,0,0,0
BRDA:11,0,1,0
BRDA:11,1,0,0
BRDA:11,1,1,0
BRF:4
BRH:0
end_of_record
TN:
SF:/Users/alma.alatorre/Documents/Apprenticeship/react-apprenticeship-capstone1/src/pages/Login/Login.page.js
FN:11,LoginPage
FN:17,authenticate
FN:36,(anonymous_2)
FNF:3
FNH:0
FNDA:0,LoginPage
FNDA:0,authenticate
FNDA:0,(anonymous_2)
DA:12,0
DA:13,0
DA:14,0
DA:15,0
DA:18,0
DA:19,0
DA:20,0
DA:24,0
DA:25,0
DA:26,0
DA:30,0
DA:32,0
DA:36,0
DA:37,0
DA:38,0
DA:42,0
LF:16
LH:0
BRDA:37,0,0,0
BRDA:37,0,1,0
BRF:2
BRH:0
end_of_record
TN:
SF:/Users/alma.alatorre/Documents/Apprenticeship/react-apprenticeship-capstone1/src/pages/Login/Login.styled.js
FNF:0
FNH:0
DA:3,1
LF:1
LH:1
BRF:0
BRH:0
end_of_record
TN:
SF:/Users/alma.alatorre/Documents/Apprenticeship/react-apprenticeship-capstone1/src/pages/NotFound/NotFound.js
FN:3,(anonymous_0)
FNF:1
FNH:0
FNDA:0,(anonymous_0)
DA:3,1
DA:4,0
LF:2
LH:1
BRF:0
BRH:0
end_of_record
TN:
SF:/Users/alma.alatorre/Documents/Apprenticeship/react-apprenticeship-capstone1/src/utils/constants.js
FNF:0
FNH:0
DA:1,4
DA:2,4
LF:2
LH:2
BRF:0
BRH:0
end_of_record
TN:
SF:/Users/alma.alatorre/Documents/Apprenticeship/react-apprenticeship-capstone1/src/utils/isFavourite.js
FN:1,(anonymous_0)
FNF:1
FNH:1
FNDA:2,(anonymous_0)
DA:1,3
DA:2,2
DA:5,2
DA:6,2
DA:7,0
DA:9,2
LF:6
LH:5
BRDA:1,0,0,2
BRDA:3,1,0,2
BRDA:3,1,1,2
BRDA:6,2,0,0
BRDA:6,2,1,2
BRF:5
BRH:4
end_of_record
TN:
SF:/Users/alma.alatorre/Documents/Apprenticeship/react-apprenticeship-capstone1/src/utils/storage.js
FN:2,(anonymous_0)
FN:12,(anonymous_1)
FNF:2
FNH:1
FNDA:2,(anonymous_0)
FNDA:0,(anonymous_1)
DA:1,4
DA:3,2
DA:4,2
DA:5,2
DA:7,0
DA:8,0
DA:13,0
LF:7
LH:4
BRF:0
BRH:0
end_of_record
