TN:
SF:/Users/alma.alatorre/Documents/Apprenticeship/react-apprenticeship-capstone1/src/index.js
FNF:0
FNH:0
DA:7,0
LF:1
LH:0
BRF:0
BRH:0
end_of_record
TN:
SF:/Users/alma.alatorre/Documents/Apprenticeship/react-apprenticeship-capstone1/src/components/App/App.component.jsx
FN:11,App
FNF:1
FNH:0
FNDA:0,App
DA:12,0
LF:1
LH:0
BRF:0
BRH:0
end_of_record
TN:
SF:/Users/alma.alatorre/Documents/Apprenticeship/react-apprenticeship-capstone1/src/components/App/index.js
FNF:0
FNH:0
LF:0
LH:0
BRF:0
BRH:0
end_of_record
TN:
SF:/Users/alma.alatorre/Documents/Apprenticeship/react-apprenticeship-capstone1/src/components/BurgerMenu/BurgerMenu.component.jsx
FN:25,(anonymous_0)
FNF:1
FNH:1
FNDA:2,(anonymous_0)
DA:5,2
DA:18,2
DA:25,2
DA:26,2
LF:4
LH:4
BRF:0
BRH:0
end_of_record
TN:
SF:/Users/alma.alatorre/Documents/Apprenticeship/react-apprenticeship-capstone1/src/components/BurgerMenu/index.js
FNF:0
FNH:0
LF:0
LH:0
BRF:0
BRH:0
end_of_record
TN:
SF:/Users/alma.alatorre/Documents/Apprenticeship/react-apprenticeship-capstone1/src/components/DarkModeToggle/DarkModeToggle.component.jsx
FN:62,(anonymous_0)
FNF:1
FNH:1
FNDA:2,(anonymous_0)
DA:5,2
DA:14,2
DA:23,2
DA:36,2
DA:50,2
DA:62,2
DA:63,2
LF:7
LH:7
BRF:0
BRH:0
end_of_record
TN:
SF:/Users/alma.alatorre/Documents/Apprenticeship/react-apprenticeship-capstone1/src/components/DarkModeToggle/index.js
FNF:0
FNH:0
LF:0
LH:0
BRF:0
BRH:0
end_of_record
TN:
SF:/Users/alma.alatorre/Documents/Apprenticeship/react-apprenticeship-capstone1/src/components/Header/Header.component.jsx
FN:20,(anonymous_0)
FNF:1
FNH:1
FNDA:1,(anonymous_0)
DA:10,1
DA:20,1
DA:21,1
LF:3
LH:3
BRF:0
BRH:0
end_of_record
TN:
SF:/Users/alma.alatorre/Documents/Apprenticeship/react-apprenticeship-capstone1/src/components/Header/index.js
FNF:0
FNH:0
LF:0
LH:0
BRF:0
BRH:0
end_of_record
TN:
SF:/Users/alma.alatorre/Documents/Apprenticeship/react-apprenticeship-capstone1/src/components/Heading/Heading.component.jsx
FN:21,(anonymous_0)
FNF:1
FNH:1
FNDA:2,(anonymous_0)
DA:5,1
DA:21,1
DA:22,2
LF:3
LH:3
BRF:0
BRH:0
end_of_record
TN:
SF:/Users/alma.alatorre/Documents/Apprenticeship/react-apprenticeship-capstone1/src/components/Heading/index.js
FNF:0
FNH:0
LF:0
LH:0
BRF:0
BRH:0
end_of_record
TN:
SF:/Users/alma.alatorre/Documents/Apprenticeship/react-apprenticeship-capstone1/src/components/LoginAvatar/LoginAvatar.component.jsx
FN:16,(anonymous_0)
FNF:1
FNH:1
FNDA:3,(anonymous_0)
DA:6,2
DA:16,2
DA:17,3
LF:3
LH:3
BRDA:19,0,0,1
BRDA:19,0,1,2
BRF:2
BRH:2
end_of_record
TN:
SF:/Users/alma.alatorre/Documents/Apprenticeship/react-apprenticeship-capstone1/src/components/LoginAvatar/index.js
FNF:0
FNH:0
LF:0
LH:0
BRF:0
BRH:0
end_of_record
TN:
SF:/Users/alma.alatorre/Documents/Apprenticeship/react-apprenticeship-capstone1/src/components/MainContainer/MainContainer.component.jsx
FN:16,(anonymous_0)
FNF:1
FNH:0
FNDA:0,(anonymous_0)
DA:5,0
DA:16,0
DA:17,0
LF:3
LH:0
BRF:0
BRH:0
end_of_record
TN:
SF:/Users/alma.alatorre/Documents/Apprenticeship/react-apprenticeship-capstone1/src/components/MainContainer/index.js
FNF:0
FNH:0
LF:0
LH:0
BRF:0
BRH:0
end_of_record
TN:
SF:/Users/alma.alatorre/Documents/Apprenticeship/react-apprenticeship-capstone1/src/components/Private/Private.component.jsx
FN:7,Private
FN:13,(anonymous_1)
FNF:2
FNH:0
FNDA:0,Private
FNDA:0,(anonymous_1)
DA:8,0
DA:10,0
DA:13,0
LF:3
LH:0
BRDA:13,0,0,0
BRDA:13,0,1,0
BRF:2
BRH:0
end_of_record
TN:
SF:/Users/alma.alatorre/Documents/Apprenticeship/react-apprenticeship-capstone1/src/components/Private/index.js
FNF:0
FNH:0
LF:0
LH:0
BRF:0
BRH:0
end_of_record
TN:
SF:/Users/alma.alatorre/Documents/Apprenticeship/react-apprenticeship-capstone1/src/components/Searchbar/Searchbar.component.jsx
FN:32,(anonymous_0)
FNF:1
FNH:1
FNDA:2,(anonymous_0)
DA:5,2
DA:32,2
DA:33,2
LF:3
LH:3
BRF:0
BRH:0
end_of_record
TN:
SF:/Users/alma.alatorre/Documents/Apprenticeship/react-apprenticeship-capstone1/src/components/Searchbar/index.js
FNF:0
FNH:0
LF:0
LH:0
BRF:0
BRH:0
end_of_record
TN:
SF:/Users/alma.alatorre/Documents/Apprenticeship/react-apprenticeship-capstone1/src/components/VideoCard/VideoCard.component.jsx
FN:28,(anonymous_0)
FN:44,(anonymous_1)
FNF:2
FNH:0
FNDA:0,(anonymous_0)
FNDA:0,(anonymous_1)
DA:5,0
DA:20,0
DA:28,0
DA:31,0
DA:37,0
DA:44,0
DA:45,0
LF:7
LH:0
BRF:0
BRH:0
end_of_record
TN:
SF:/Users/alma.alatorre/Documents/Apprenticeship/react-apprenticeship-capstone1/src/components/VideoCard/index.js
FNF:0
FNH:0
LF:0
LH:0
BRF:0
BRH:0
end_of_record
TN:
SF:/Users/alma.alatorre/Documents/Apprenticeship/react-apprenticeship-capstone1/src/components/VideosContainer/VideosContainer.component.jsx
FN:19,(anonymous_0)
FN:23,(anonymous_1)
FNF:2
FNH:0
FNDA:0,(anonymous_0)
FNDA:0,(anonymous_1)
DA:6,0
DA:19,0
DA:20,0
DA:21,0
DA:24,0
LF:5
LH:0
BRF:0
BRH:0
end_of_record
TN:
SF:/Users/alma.alatorre/Documents/Apprenticeship/react-apprenticeship-capstone1/src/components/VideosContainer/index.js
FNF:0
FNH:0
LF:0
LH:0
BRF:0
BRH:0
end_of_record
TN:
SF:/Users/alma.alatorre/Documents/Apprenticeship/react-apprenticeship-capstone1/src/utils/constants.js
FNF:0
FNH:0
DA:1,0
LF:1
LH:0
BRF:0
BRH:0
end_of_record
TN:
SF:/Users/alma.alatorre/Documents/Apprenticeship/react-apprenticeship-capstone1/src/utils/fns.js
FN:1,random
FNF:1
FNH:0
FNDA:0,random
DA:2,0
LF:1
LH:0
BRF:0
BRH:0
end_of_record
